{"/home/travis/build/npmtest/node-npmtest-azure-cli/test.js":{"path":"/home/travis/build/npmtest/node-npmtest-azure-cli/test.js","s":{"1":2,"2":2,"3":2,"4":2,"5":2,"6":2,"7":2,"8":1,"9":2,"10":2,"11":1,"12":1,"13":1,"14":1,"15":2,"16":2,"17":2,"18":2,"19":1,"20":1,"21":2,"22":2,"23":2,"24":1,"25":1,"26":1,"27":1,"28":1,"29":1,"30":1,"31":1,"32":1,"33":1,"34":1,"35":1,"36":1,"37":1,"38":1,"39":2,"40":2,"41":1,"42":2,"43":2,"44":1,"45":2,"46":2,"47":1,"48":2,"49":2,"50":1,"51":1,"52":1,"53":1,"54":1},"b":{"1":[2,1,1,1],"2":[1,1,1,1],"3":[1,1],"4":[1,1],"5":[1,1],"6":[1,1],"7":[1,1],"8":[1,1],"9":[1,1],"10":[1,1,1],"11":[1,1],"12":[1,1],"13":[1,1],"14":[1,1],"15":[1,1],"16":[1,1],"17":[1,1]},"f":{"1":2,"2":2,"3":2,"4":2,"5":2,"6":1,"7":1,"8":1,"9":2,"10":2,"11":2,"12":2,"13":1},"fnMap":{"1":{"name":"(anonymous_1)","line":12,"loc":{"start":{"line":12,"column":1},"end":{"line":12,"column":13}}},"2":{"name":"(anonymous_2)","line":19,"loc":{"start":{"line":19,"column":5},"end":{"line":19,"column":17}}},"3":{"name":"(anonymous_3)","line":23,"loc":{"start":{"line":23,"column":24},"end":{"line":23,"column":36}}},"4":{"name":"(anonymous_4)","line":61,"loc":{"start":{"line":61,"column":5},"end":{"line":61,"column":17}}},"5":{"name":"(anonymous_5)","line":82,"loc":{"start":{"line":82,"column":5},"end":{"line":82,"column":17}}},"6":{"name":"(anonymous_6)","line":91,"loc":{"start":{"line":91,"column":77},"end":{"line":94,"column":10}}},"7":{"name":"(anonymous_7)","line":112,"loc":{"start":{"line":112,"column":83},"end":{"line":115,"column":10}},"skip":true},"8":{"name":"(anonymous_8)","line":123,"loc":{"start":{"line":123,"column":77},"end":{"line":126,"column":10}},"skip":true},"9":{"name":"(anonymous_9)","line":139,"loc":{"start":{"line":139,"column":12},"end":{"line":139,"column":40}},"skip":true},"10":{"name":"(anonymous_10)","line":147,"loc":{"start":{"line":147,"column":77},"end":{"line":150,"column":10}},"skip":true},"11":{"name":"(anonymous_11)","line":158,"loc":{"start":{"line":158,"column":83},"end":{"line":161,"column":10}},"skip":true},"12":{"name":"(anonymous_12)","line":169,"loc":{"start":{"line":169,"column":79},"end":{"line":172,"column":10}},"skip":true},"13":{"name":"(anonymous_13)","line":180,"loc":{"start":{"line":180,"column":75},"end":{"line":183,"column":10}},"skip":true}},"statementMap":{"1":{"start":{"line":12,"column":0},"end":{"line":195,"column":5}},"2":{"start":{"line":14,"column":4},"end":{"line":14,"column":14}},"3":{"start":{"line":19,"column":4},"end":{"line":56,"column":9}},"4":{"start":{"line":21,"column":8},"end":{"line":21,"column":19}},"5":{"start":{"line":23,"column":8},"end":{"line":35,"column":13}},"6":{"start":{"line":24,"column":12},"end":{"line":34,"column":13}},"7":{"start":{"line":25,"column":16},"end":{"line":28,"column":30}},"8":{"start":{"line":30,"column":16},"end":{"line":33,"column":27}},"9":{"start":{"line":37,"column":8},"end":{"line":39,"column":21}},"10":{"start":{"line":40,"column":8},"end":{"line":53,"column":9}},"11":{"start":{"line":43,"column":12},"end":{"line":46,"column":14}},"12":{"start":{"line":47,"column":12},"end":{"line":47,"column":18}},"13":{"start":{"line":50,"column":12},"end":{"line":51,"column":46}},"14":{"start":{"line":52,"column":12},"end":{"line":52,"column":18}},"15":{"start":{"line":55,"column":8},"end":{"line":55,"column":35}},"16":{"start":{"line":61,"column":4},"end":{"line":63,"column":9}},"17":{"start":{"line":62,"column":8},"end":{"line":62,"column":15}},"18":{"start":{"line":64,"column":4},"end":{"line":77,"column":5}},"19":{"start":{"line":70,"column":8},"end":{"line":70,"column":14}},"20":{"start":{"line":76,"column":8},"end":{"line":76,"column":14}},"21":{"start":{"line":82,"column":4},"end":{"line":84,"column":9}},"22":{"start":{"line":83,"column":8},"end":{"line":83,"column":15}},"23":{"start":{"line":85,"column":4},"end":{"line":194,"column":5}},"24":{"start":{"line":91,"column":8},"end":{"line":99,"column":10}},"25":{"start":{"line":98,"column":12},"end":{"line":98,"column":35}},"26":{"start":{"line":102,"column":8},"end":{"line":104,"column":63}},"27":{"start":{"line":105,"column":8},"end":{"line":105,"column":14}},"28":{"start":{"line":112,"column":8},"end":{"line":121,"column":10},"skip":true},"29":{"start":{"line":119,"column":12},"end":{"line":119,"column":55},"skip":true},"30":{"start":{"line":120,"column":12},"end":{"line":120,"column":48},"skip":true},"31":{"start":{"line":123,"column":8},"end":{"line":136,"column":10},"skip":true},"32":{"start":{"line":130,"column":12},"end":{"line":130,"column":76},"skip":true},"33":{"start":{"line":131,"column":12},"end":{"line":131,"column":73},"skip":true},"34":{"start":{"line":132,"column":12},"end":{"line":132,"column":74},"skip":true},"35":{"start":{"line":133,"column":12},"end":{"line":133,"column":79},"skip":true},"36":{"start":{"line":134,"column":12},"end":{"line":134,"column":25},"skip":true},"37":{"start":{"line":135,"column":12},"end":{"line":135,"column":45},"skip":true},"38":{"start":{"line":138,"column":8},"end":{"line":145,"column":14},"skip":true},"39":{"start":{"line":143,"column":16},"end":{"line":143,"column":29},"skip":true},"40":{"start":{"line":144,"column":16},"end":{"line":144,"column":55},"skip":true},"41":{"start":{"line":147,"column":8},"end":{"line":156,"column":10},"skip":true},"42":{"start":{"line":154,"column":12},"end":{"line":154,"column":25},"skip":true},"43":{"start":{"line":155,"column":12},"end":{"line":155,"column":45},"skip":true},"44":{"start":{"line":158,"column":8},"end":{"line":167,"column":10},"skip":true},"45":{"start":{"line":165,"column":12},"end":{"line":165,"column":25},"skip":true},"46":{"start":{"line":166,"column":12},"end":{"line":166,"column":48},"skip":true},"47":{"start":{"line":169,"column":8},"end":{"line":178,"column":10},"skip":true},"48":{"start":{"line":176,"column":12},"end":{"line":176,"column":25},"skip":true},"49":{"start":{"line":177,"column":12},"end":{"line":177,"column":46},"skip":true},"50":{"start":{"line":180,"column":8},"end":{"line":189,"column":10},"skip":true},"51":{"start":{"line":187,"column":12},"end":{"line":187,"column":94},"skip":true},"52":{"start":{"line":188,"column":12},"end":{"line":188,"column":48},"skip":true},"53":{"start":{"line":192,"column":8},"end":{"line":192,"column":35},"skip":true},"54":{"start":{"line":193,"column":8},"end":{"line":193,"column":14},"skip":true}},"branchMap":{"1":{"line":25,"type":"binary-expr","locations":[{"start":{"line":25,"column":23},"end":{"line":25,"column":62}},{"start":{"line":26,"column":20},"end":{"line":26,"column":70}},{"start":{"line":27,"column":20},"end":{"line":27,"column":71}},{"start":{"line":28,"column":20},"end":{"line":28,"column":29}}]},"2":{"line":30,"type":"binary-expr","locations":[{"start":{"line":30,"column":23},"end":{"line":30,"column":37}},{"start":{"line":31,"column":20},"end":{"line":31,"column":61}},{"start":{"line":32,"column":20},"end":{"line":32,"column":70}},{"start":{"line":33,"column":20},"end":{"line":33,"column":26}}]},"3":{"line":37,"type":"cond-expr","locations":[{"start":{"line":38,"column":14},"end":{"line":38,"column":20}},{"start":{"line":39,"column":14},"end":{"line":39,"column":20}}]},"4":{"line":40,"type":"switch","locations":[{"start":{"line":42,"column":8},"end":{"line":47,"column":18}},{"start":{"line":49,"column":8},"end":{"line":52,"column":18}}]},"5":{"line":44,"type":"binary-expr","locations":[{"start":{"line":44,"column":16},"end":{"line":44,"column":44}},{"start":{"line":44,"column":48},"end":{"line":44,"column":66}}]},"6":{"line":50,"type":"binary-expr","locations":[{"start":{"line":50,"column":21},"end":{"line":50,"column":49}},{"start":{"line":50,"column":53},"end":{"line":50,"column":72}}]},"7":{"line":64,"type":"switch","locations":[{"start":{"line":69,"column":4},"end":{"line":70,"column":14}},{"start":{"line":75,"column":4},"end":{"line":76,"column":14}}]},"8":{"line":85,"type":"switch","locations":[{"start":{"line":90,"column":4},"end":{"line":105,"column":14}},{"start":{"line":111,"column":4},"end":{"line":193,"column":14},"skip":true}]},"9":{"line":91,"type":"binary-expr","locations":[{"start":{"line":91,"column":42},"end":{"line":91,"column":73}},{"start":{"line":91,"column":77},"end":{"line":99,"column":9}}]},"10":{"line":102,"type":"binary-expr","locations":[{"start":{"line":102,"column":18},"end":{"line":102,"column":32}},{"start":{"line":103,"column":12},"end":{"line":103,"column":53}},{"start":{"line":104,"column":12},"end":{"line":104,"column":61}}]},"11":{"line":112,"type":"binary-expr","locations":[{"start":{"line":112,"column":45},"end":{"line":112,"column":79},"skip":true},{"start":{"line":112,"column":83},"end":{"line":121,"column":9},"skip":true}]},"12":{"line":123,"type":"binary-expr","locations":[{"start":{"line":123,"column":42},"end":{"line":123,"column":73},"skip":true},{"start":{"line":123,"column":77},"end":{"line":136,"column":9},"skip":true}]},"13":{"line":138,"type":"binary-expr","locations":[{"start":{"line":138,"column":48},"end":{"line":138,"column":85},"skip":true},{"start":{"line":139,"column":12},"end":{"line":145,"column":13},"skip":true}]},"14":{"line":147,"type":"binary-expr","locations":[{"start":{"line":147,"column":42},"end":{"line":147,"column":73},"skip":true},{"start":{"line":147,"column":77},"end":{"line":156,"column":9},"skip":true}]},"15":{"line":158,"type":"binary-expr","locations":[{"start":{"line":158,"column":45},"end":{"line":158,"column":79},"skip":true},{"start":{"line":158,"column":83},"end":{"line":167,"column":9},"skip":true}]},"16":{"line":169,"type":"binary-expr","locations":[{"start":{"line":169,"column":43},"end":{"line":169,"column":75},"skip":true},{"start":{"line":169,"column":79},"end":{"line":178,"column":9},"skip":true}]},"17":{"line":180,"type":"binary-expr","locations":[{"start":{"line":180,"column":41},"end":{"line":180,"column":71},"skip":true},{"start":{"line":180,"column":75},"end":{"line":189,"column":9},"skip":true}]}},"code":["/* istanbul instrument in package npmtest_azure_cli */","/*jslint","    bitwise: true,","    browser: true,","    maxerr: 8,","    maxlen: 96,","    node: true,","    nomen: true,","    regexp: true,","    stupid: true","*/","(function () {","    'use strict';","    var local;","","","","    // run shared js-env code - pre-init","    (function () {","        // init local","        local = {};","        // init modeJs","        local.modeJs = (function () {","            try {","                return typeof navigator.userAgent === 'string' &&","                    typeof document.querySelector('body') === 'object' &&","                    typeof XMLHttpRequest.prototype.open === 'function' &&","                    'browser';","            } catch (errorCaughtBrowser) {","                return module.exports &&","                    typeof process.versions.node === 'string' &&","                    typeof require('http').createServer === 'function' &&","                    'node';","            }","        }());","        // init global","        local.global = local.modeJs === 'browser'","            ? window","            : global;","        switch (local.modeJs) {","        // re-init local from window.local","        case 'browser':","            local = local.global.utility2.objectSetDefault(","                local.global.utility2_rollup || local.global.local,","                local.global.utility2","            );","            break;","        // re-init local from example.js","        case 'node':","            local = (local.global.utility2_rollup || require('utility2'))","                .requireExampleJsFromReadme();","            break;","        }","        // export local","        local.global.local = local;","    }());","","","","    // run shared js-env code - function","    (function () {","        return;","    }());","    switch (local.modeJs) {","","","","    // run browser js-env code - function","    case 'browser':","        break;","","","","    // run node js-env code - function","    case 'node':","        break;","    }","","","","    // run shared js-env code - post-init","    (function () {","        return;","    }());","    switch (local.modeJs) {","","","","    // run browser js-env code - post-init","    case 'browser':","        local.testCase_browser_nullCase = local.testCase_browser_nullCase || function (","            options,","            onError","        ) {","        /*","         * this function will test browsers's null-case handling-behavior-behavior","         */","            onError(null, options);","        };","","        // run tests","        local.nop(local.modeTest &&","            document.querySelector('#testRunButton1') &&","            document.querySelector('#testRunButton1').click());","        break;","","","","    // run node js-env code - post-init","    /* istanbul ignore next */","    case 'node':","        local.testCase_buildApidoc_default = local.testCase_buildApidoc_default || function (","            options,","            onError","        ) {","        /*","         * this function will test buildApidoc's default handling-behavior-behavior","         */","            options = { modulePathList: module.paths };","            local.buildApidoc(options, onError);","        };","","        local.testCase_buildApp_default = local.testCase_buildApp_default || function (","            options,","            onError","        ) {","        /*","         * this function will test buildApp's default handling-behavior-behavior","         */","            local.testCase_buildReadme_default(options, local.onErrorThrow);","            local.testCase_buildLib_default(options, local.onErrorThrow);","            local.testCase_buildTest_default(options, local.onErrorThrow);","            local.testCase_buildCustomOrg_default(options, local.onErrorThrow);","            options = [];","            local.buildApp(options, onError);","        };","","        local.testCase_buildCustomOrg_default = local.testCase_buildCustomOrg_default ||","            function (options, onError) {","            /*","             * this function will test buildCustomOrg's default handling-behavior","             */","                options = {};","                local.buildCustomOrg(options, onError);","            };","","        local.testCase_buildLib_default = local.testCase_buildLib_default || function (","            options,","            onError","        ) {","        /*","         * this function will test buildLib's default handling-behavior","         */","            options = {};","            local.buildLib(options, onError);","        };","","        local.testCase_buildReadme_default = local.testCase_buildReadme_default || function (","            options,","            onError","        ) {","        /*","         * this function will test buildReadme's default handling-behavior-behavior","         */","            options = {};","            local.buildReadme(options, onError);","        };","","        local.testCase_buildTest_default = local.testCase_buildTest_default || function (","            options,","            onError","        ) {","        /*","         * this function will test buildTest's default handling-behavior","         */","            options = {};","            local.buildTest(options, onError);","        };","","        local.testCase_webpage_default = local.testCase_webpage_default || function (","            options,","            onError","        ) {","        /*","         * this function will test webpage's default handling-behavior","         */","            options = { modeCoverageMerge: true, url: local.serverLocalHost + '?modeTest=1' };","            local.browserTest(options, onError);","        };","","        // run test-server","        local.testRunServer(local);","        break;","    }","}());",""],"l":{"12":2,"14":2,"19":2,"21":2,"23":2,"24":2,"25":2,"30":1,"37":2,"40":2,"43":1,"47":1,"50":1,"52":1,"55":2,"61":2,"62":2,"64":2,"70":1,"76":1,"82":2,"83":2,"85":2,"91":1,"98":1,"102":1,"105":1,"112":1,"119":1,"120":1,"123":1,"130":1,"131":1,"132":1,"133":1,"134":1,"135":1,"138":1,"143":2,"144":2,"147":1,"154":2,"155":2,"158":1,"165":2,"166":2,"169":1,"176":2,"177":2,"180":1,"187":1,"188":1,"192":1,"193":1}},"/home/travis/build/npmtest/node-npmtest-azure-cli/lib.npmtest_azure_cli.js":{"path":"/home/travis/build/npmtest/node-npmtest-azure-cli/lib.npmtest_azure_cli.js","s":{"1":2,"2":2,"3":2,"4":2,"5":2,"6":2,"7":2,"8":1,"9":2,"10":2,"11":2,"12":2,"13":1,"14":1,"15":1,"16":1},"b":{"1":[2,1,1,1],"2":[1,1,1,1],"3":[1,1],"4":[2,2],"5":[1,1]},"f":{"1":2,"2":2,"3":2},"fnMap":{"1":{"name":"(anonymous_1)","line":12,"loc":{"start":{"line":12,"column":1},"end":{"line":12,"column":13}}},"2":{"name":"(anonymous_2)","line":19,"loc":{"start":{"line":19,"column":5},"end":{"line":19,"column":17}}},"3":{"name":"(anonymous_3)","line":23,"loc":{"start":{"line":23,"column":24},"end":{"line":23,"column":36}}}},"statementMap":{"1":{"start":{"line":12,"column":0},"end":{"line":53,"column":5}},"2":{"start":{"line":14,"column":4},"end":{"line":14,"column":14}},"3":{"start":{"line":19,"column":4},"end":{"line":52,"column":9}},"4":{"start":{"line":21,"column":8},"end":{"line":21,"column":19}},"5":{"start":{"line":23,"column":8},"end":{"line":35,"column":13}},"6":{"start":{"line":24,"column":12},"end":{"line":34,"column":13}},"7":{"start":{"line":25,"column":16},"end":{"line":28,"column":30}},"8":{"start":{"line":30,"column":16},"end":{"line":33,"column":27}},"9":{"start":{"line":37,"column":8},"end":{"line":39,"column":21}},"10":{"start":{"line":41,"column":8},"end":{"line":41,"column":54}},"11":{"start":{"line":43,"column":8},"end":{"line":43,"column":54}},"12":{"start":{"line":45,"column":8},"end":{"line":51,"column":9}},"13":{"start":{"line":46,"column":12},"end":{"line":46,"column":60}},"14":{"start":{"line":48,"column":12},"end":{"line":48,"column":35}},"15":{"start":{"line":49,"column":12},"end":{"line":49,"column":49}},"16":{"start":{"line":50,"column":12},"end":{"line":50,"column":43}}},"branchMap":{"1":{"line":25,"type":"binary-expr","locations":[{"start":{"line":25,"column":23},"end":{"line":25,"column":62}},{"start":{"line":26,"column":20},"end":{"line":26,"column":70}},{"start":{"line":27,"column":20},"end":{"line":27,"column":71}},{"start":{"line":28,"column":20},"end":{"line":28,"column":29}}]},"2":{"line":30,"type":"binary-expr","locations":[{"start":{"line":30,"column":23},"end":{"line":30,"column":37}},{"start":{"line":31,"column":20},"end":{"line":31,"column":61}},{"start":{"line":32,"column":20},"end":{"line":32,"column":70}},{"start":{"line":33,"column":20},"end":{"line":33,"column":26}}]},"3":{"line":37,"type":"cond-expr","locations":[{"start":{"line":38,"column":14},"end":{"line":38,"column":20}},{"start":{"line":39,"column":14},"end":{"line":39,"column":20}}]},"4":{"line":41,"type":"binary-expr","locations":[{"start":{"line":41,"column":16},"end":{"line":41,"column":44}},{"start":{"line":41,"column":48},"end":{"line":41,"column":53}}]},"5":{"line":45,"type":"if","locations":[{"start":{"line":45,"column":8},"end":{"line":45,"column":8}},{"start":{"line":45,"column":8},"end":{"line":45,"column":8}}]}},"code":["/* istanbul instrument in package npmtest_azure_cli */","/*jslint","    bitwise: true,","    browser: true,","    maxerr: 8,","    maxlen: 96,","    node: true,","    nomen: true,","    regexp: true,","    stupid: true","*/","(function () {","    'use strict';","    var local;","","","","    // run shared js-env code - pre-init","    (function () {","        // init local","        local = {};","        // init modeJs","        local.modeJs = (function () {","            try {","                return typeof navigator.userAgent === 'string' &&","                    typeof document.querySelector('body') === 'object' &&","                    typeof XMLHttpRequest.prototype.open === 'function' &&","                    'browser';","            } catch (errorCaughtBrowser) {","                return module.exports &&","                    typeof process.versions.node === 'string' &&","                    typeof require('http').createServer === 'function' &&","                    'node';","            }","        }());","        // init global","        local.global = local.modeJs === 'browser'","            ? window","            : global;","        // init utility2_rollup","        local = local.global.utility2_rollup || local;","        // init lib","        local.local = local.npmtest_azure_cli = local;","        // init exports","        if (local.modeJs === 'browser') {","            local.global.utility2_npmtest_azure_cli = local;","        } else {","            module.exports = local;","            module.exports.__dirname = __dirname;","            module.exports.module = module;","        }","    }());","}());",""],"l":{"12":2,"14":2,"19":2,"21":2,"23":2,"24":2,"25":2,"30":1,"37":2,"41":2,"43":2,"45":2,"46":1,"48":1,"49":1,"50":1}},"/home/travis/build/npmtest/node-npmtest-azure-cli/example.js":{"path":"/home/travis/build/npmtest/node-npmtest-azure-cli/example.js","s":{"1":2,"2":2,"3":2,"4":2,"5":2,"6":2,"7":2,"8":1,"9":2,"10":2,"11":2,"12":2,"13":1,"14":2,"15":2,"16":2,"17":2,"18":2,"19":0,"20":2,"21":1,"22":1,"23":1,"24":1,"25":1,"26":0,"27":0,"28":1,"29":1,"30":2,"31":0,"32":0,"33":0,"34":1,"35":2,"36":2,"37":3,"38":3,"39":3,"40":3,"41":0,"42":3,"43":3,"44":3,"45":1,"46":3,"47":1,"48":1,"49":1,"50":1,"51":1,"52":1,"53":1,"54":1,"55":1,"56":1,"57":0,"58":1,"59":6,"60":6,"61":1,"62":2,"63":0,"64":2,"65":1,"66":1,"67":0,"68":0,"69":0,"70":0,"71":0,"72":0,"73":0,"74":0,"75":0,"76":0,"77":0,"78":0,"79":0,"80":0,"81":0,"82":0,"83":0},"b":{"1":[2,1,1,1],"2":[1,1,1,1],"3":[1,1],"4":[2,2],"5":[1,1],"6":[1,1],"7":[2,0],"8":[2,1,1,1,1,1],"9":[0,2,0],"10":[1,1],"11":[2,1,1],"12":[1,0],"13":[0,2],"14":[2,0,0,0,0,0,0],"15":[0,3],"16":[3,0],"17":[1,1],"18":[0,1],"19":[1,2,0,2],"20":[1,0],"21":[1,1],"22":[0,0],"23":[0,0],"24":[0,0],"25":[0,0],"26":[0,0],"27":[0,0],"28":[0,0]},"f":{"1":2,"2":2,"3":2,"4":2,"5":2,"6":2,"7":3,"8":3,"9":3,"10":1,"11":6,"12":0},"fnMap":{"1":{"name":"(anonymous_1)","line":26,"loc":{"start":{"line":26,"column":1},"end":{"line":26,"column":13}}},"2":{"name":"(anonymous_2)","line":33,"loc":{"start":{"line":33,"column":5},"end":{"line":33,"column":17}}},"3":{"name":"(anonymous_3)","line":37,"loc":{"start":{"line":37,"column":24},"end":{"line":37,"column":36}}},"4":{"name":"(anonymous_4)","line":69,"loc":{"start":{"line":69,"column":31},"end":{"line":69,"column":48}},"skip":true},"5":{"name":"(anonymous_5)","line":78,"loc":{"start":{"line":78,"column":26},"end":{"line":78,"column":45}},"skip":true},"6":{"name":"(anonymous_6)","line":123,"loc":{"start":{"line":123,"column":33},"end":{"line":123,"column":48}},"skip":true},"7":{"name":"(anonymous_7)","line":125,"loc":{"start":{"line":125,"column":27},"end":{"line":125,"column":39}},"skip":true},"8":{"name":"(anonymous_8)","line":133,"loc":{"start":{"line":133,"column":59},"end":{"line":133,"column":74}},"skip":true},"9":{"name":"(anonymous_9)","line":143,"loc":{"start":{"line":143,"column":45},"end":{"line":143,"column":62}},"skip":true},"10":{"name":"(anonymous_10)","line":144,"loc":{"start":{"line":144,"column":73},"end":{"line":144,"column":92}},"skip":true},"11":{"name":"(anonymous_11)","line":272,"loc":{"start":{"line":272,"column":51},"end":{"line":272,"column":77}},"skip":true},"12":{"name":"(anonymous_12)","line":315,"loc":{"start":{"line":315,"column":32},"end":{"line":315,"column":61}},"skip":true}},"statementMap":{"1":{"start":{"line":26,"column":0},"end":{"line":326,"column":5}},"2":{"start":{"line":28,"column":4},"end":{"line":28,"column":14}},"3":{"start":{"line":33,"column":4},"end":{"line":60,"column":9}},"4":{"start":{"line":35,"column":8},"end":{"line":35,"column":19}},"5":{"start":{"line":37,"column":8},"end":{"line":49,"column":13}},"6":{"start":{"line":38,"column":12},"end":{"line":48,"column":13}},"7":{"start":{"line":39,"column":16},"end":{"line":42,"column":30}},"8":{"start":{"line":44,"column":16},"end":{"line":47,"column":27}},"9":{"start":{"line":51,"column":8},"end":{"line":53,"column":21}},"10":{"start":{"line":55,"column":8},"end":{"line":57,"column":45}},"11":{"start":{"line":59,"column":8},"end":{"line":59,"column":35}},"12":{"start":{"line":61,"column":4},"end":{"line":325,"column":5}},"13":{"start":{"line":69,"column":8},"end":{"line":121,"column":10},"skip":true},"14":{"start":{"line":70,"column":12},"end":{"line":88,"column":13},"skip":true},"15":{"start":{"line":76,"column":16},"end":{"line":87,"column":19},"skip":true},"16":{"start":{"line":79,"column":20},"end":{"line":86,"column":21},"skip":true},"17":{"start":{"line":82,"column":24},"end":{"line":82,"column":43},"skip":true},"18":{"start":{"line":83,"column":24},"end":{"line":83,"column":30},"skip":true},"19":{"start":{"line":85,"column":24},"end":{"line":85,"column":49},"skip":true},"20":{"start":{"line":89,"column":12},"end":{"line":107,"column":13},"skip":true},"21":{"start":{"line":92,"column":16},"end":{"line":102,"column":17},"skip":true},"22":{"start":{"line":93,"column":20},"end":{"line":93,"column":86},"skip":true},"23":{"start":{"line":94,"column":20},"end":{"line":95,"column":45},"skip":true},"24":{"start":{"line":96,"column":20},"end":{"line":96,"column":42},"skip":true},"25":{"start":{"line":97,"column":20},"end":{"line":97,"column":48},"skip":true},"26":{"start":{"line":100,"column":20},"end":{"line":100,"column":85},"skip":true},"27":{"start":{"line":101,"column":20},"end":{"line":101,"column":96},"skip":true},"28":{"start":{"line":103,"column":16},"end":{"line":103,"column":22},"skip":true},"29":{"start":{"line":106,"column":16},"end":{"line":106,"column":22},"skip":true},"30":{"start":{"line":108,"column":12},"end":{"line":120,"column":13},"skip":true},"31":{"start":{"line":114,"column":16},"end":{"line":119,"column":17},"skip":true},"32":{"start":{"line":116,"column":20},"end":{"line":116,"column":78},"skip":true},"33":{"start":{"line":118,"column":20},"end":{"line":118,"column":47},"skip":true},"34":{"start":{"line":123,"column":8},"end":{"line":141,"column":11},"skip":true},"35":{"start":{"line":124,"column":12},"end":{"line":124,"column":54},"skip":true},"36":{"start":{"line":125,"column":12},"end":{"line":140,"column":14},"skip":true},"37":{"start":{"line":126,"column":16},"end":{"line":126,"column":28},"skip":true},"38":{"start":{"line":127,"column":16},"end":{"line":127,"column":69},"skip":true},"39":{"start":{"line":128,"column":16},"end":{"line":128,"column":75},"skip":true},"40":{"start":{"line":129,"column":16},"end":{"line":131,"column":17},"skip":true},"41":{"start":{"line":130,"column":20},"end":{"line":130,"column":27},"skip":true},"42":{"start":{"line":133,"column":16},"end":{"line":137,"column":36},"skip":true},"43":{"start":{"line":134,"column":20},"end":{"line":136,"column":55},"skip":true},"44":{"start":{"line":139,"column":16},"end":{"line":139,"column":57},"skip":true},"45":{"start":{"line":143,"column":8},"end":{"line":147,"column":11},"skip":true},"46":{"start":{"line":144,"column":12},"end":{"line":146,"column":15},"skip":true},"47":{"start":{"line":145,"column":16},"end":{"line":145,"column":70},"skip":true},"48":{"start":{"line":149,"column":8},"end":{"line":149,"column":31},"skip":true},"49":{"start":{"line":150,"column":8},"end":{"line":150,"column":14},"skip":true},"50":{"start":{"line":158,"column":8},"end":{"line":158,"column":31},"skip":true},"51":{"start":{"line":160,"column":8},"end":{"line":160,"column":33},"skip":true},"52":{"start":{"line":161,"column":8},"end":{"line":161,"column":37},"skip":true},"53":{"start":{"line":162,"column":8},"end":{"line":162,"column":35},"skip":true},"54":{"start":{"line":164,"column":8},"end":{"line":164,"column":50},"skip":true},"55":{"start":{"line":166,"column":8},"end":{"line":256,"column":2},"skip":true},"56":{"start":{"line":258,"column":8},"end":{"line":286,"column":9},"skip":true},"57":{"start":{"line":259,"column":12},"end":{"line":269,"column":14},"skip":true},"58":{"start":{"line":271,"column":12},"end":{"line":285,"column":19},"skip":true},"59":{"start":{"line":274,"column":20},"end":{"line":274,"column":35},"skip":true},"60":{"start":{"line":275,"column":20},"end":{"line":284,"column":21},"skip":true},"61":{"start":{"line":277,"column":24},"end":{"line":277,"column":64},"skip":true},"62":{"start":{"line":279,"column":24},"end":{"line":279,"column":40},"skip":true},"63":{"start":{"line":281,"column":24},"end":{"line":281,"column":40},"skip":true},"64":{"start":{"line":283,"column":24},"end":{"line":283,"column":39},"skip":true},"65":{"start":{"line":288,"column":8},"end":{"line":290,"column":9},"skip":true},"66":{"start":{"line":289,"column":12},"end":{"line":289,"column":18},"skip":true},"67":{"start":{"line":291,"column":8},"end":{"line":293,"column":54},"skip":true},"68":{"start":{"line":296,"column":8},"end":{"line":301,"column":37},"skip":true},"69":{"start":{"line":303,"column":8},"end":{"line":303,"column":82},"skip":true},"70":{"start":{"line":306,"column":8},"end":{"line":308,"column":9},"skip":true},"71":{"start":{"line":307,"column":12},"end":{"line":307,"column":82},"skip":true},"72":{"start":{"line":310,"column":8},"end":{"line":312,"column":9},"skip":true},"73":{"start":{"line":311,"column":12},"end":{"line":311,"column":18},"skip":true},"74":{"start":{"line":313,"column":8},"end":{"line":313,"column":54},"skip":true},"75":{"start":{"line":314,"column":8},"end":{"line":314,"column":69},"skip":true},"76":{"start":{"line":315,"column":8},"end":{"line":323,"column":36},"skip":true},"77":{"start":{"line":316,"column":12},"end":{"line":316,"column":61},"skip":true},"78":{"start":{"line":317,"column":12},"end":{"line":320,"column":13},"skip":true},"79":{"start":{"line":318,"column":16},"end":{"line":318,"column":75},"skip":true},"80":{"start":{"line":319,"column":16},"end":{"line":319,"column":23},"skip":true},"81":{"start":{"line":321,"column":12},"end":{"line":321,"column":38},"skip":true},"82":{"start":{"line":322,"column":12},"end":{"line":322,"column":27},"skip":true},"83":{"start":{"line":324,"column":8},"end":{"line":324,"column":14},"skip":true}},"branchMap":{"1":{"line":39,"type":"binary-expr","locations":[{"start":{"line":39,"column":23},"end":{"line":39,"column":62}},{"start":{"line":40,"column":20},"end":{"line":40,"column":70}},{"start":{"line":41,"column":20},"end":{"line":41,"column":71}},{"start":{"line":42,"column":20},"end":{"line":42,"column":29}}]},"2":{"line":44,"type":"binary-expr","locations":[{"start":{"line":44,"column":23},"end":{"line":44,"column":37}},{"start":{"line":45,"column":20},"end":{"line":45,"column":61}},{"start":{"line":46,"column":20},"end":{"line":46,"column":70}},{"start":{"line":47,"column":20},"end":{"line":47,"column":26}}]},"3":{"line":51,"type":"cond-expr","locations":[{"start":{"line":52,"column":14},"end":{"line":52,"column":20}},{"start":{"line":53,"column":14},"end":{"line":53,"column":20}}]},"4":{"line":55,"type":"binary-expr","locations":[{"start":{"line":55,"column":16},"end":{"line":55,"column":44}},{"start":{"line":55,"column":49},"end":{"line":57,"column":43}}]},"5":{"line":55,"type":"cond-expr","locations":[{"start":{"line":56,"column":14},"end":{"line":56,"column":53}},{"start":{"line":57,"column":14},"end":{"line":57,"column":43}}]},"6":{"line":61,"type":"switch","locations":[{"start":{"line":68,"column":4},"end":{"line":150,"column":14},"skip":true},{"start":{"line":156,"column":4},"end":{"line":324,"column":14},"skip":true}]},"7":{"line":70,"type":"if","locations":[{"start":{"line":70,"column":12},"end":{"line":70,"column":12},"skip":true},{"start":{"line":70,"column":12},"end":{"line":70,"column":12},"skip":true}]},"8":{"line":70,"type":"binary-expr","locations":[{"start":{"line":70,"column":16},"end":{"line":70,"column":22},"skip":true},{"start":{"line":70,"column":27},"end":{"line":70,"column":32},"skip":true},{"start":{"line":71,"column":20},"end":{"line":71,"column":39},"skip":true},{"start":{"line":72,"column":20},"end":{"line":72,"column":49},"skip":true},{"start":{"line":73,"column":20},"end":{"line":73,"column":58},"skip":true},{"start":{"line":74,"column":20},"end":{"line":74,"column":69},"skip":true}]},"9":{"line":79,"type":"switch","locations":[{"start":{"line":80,"column":20},"end":{"line":80,"column":33},"skip":true},{"start":{"line":81,"column":20},"end":{"line":83,"column":30},"skip":true},{"start":{"line":84,"column":20},"end":{"line":85,"column":49},"skip":true}]},"10":{"line":89,"type":"switch","locations":[{"start":{"line":90,"column":12},"end":{"line":103,"column":22},"skip":true},{"start":{"line":105,"column":12},"end":{"line":106,"column":22},"skip":true}]},"11":{"line":89,"type":"binary-expr","locations":[{"start":{"line":89,"column":20},"end":{"line":89,"column":25},"skip":true},{"start":{"line":89,"column":29},"end":{"line":89,"column":48},"skip":true},{"start":{"line":89,"column":52},"end":{"line":89,"column":74},"skip":true}]},"12":{"line":92,"type":"if","locations":[{"start":{"line":92,"column":16},"end":{"line":92,"column":16},"skip":true},{"start":{"line":92,"column":16},"end":{"line":92,"column":16},"skip":true}]},"13":{"line":108,"type":"if","locations":[{"start":{"line":108,"column":12},"end":{"line":108,"column":12},"skip":true},{"start":{"line":108,"column":12},"end":{"line":108,"column":12},"skip":true}]},"14":{"line":108,"type":"binary-expr","locations":[{"start":{"line":108,"column":16},"end":{"line":108,"column":61},"skip":true},{"start":{"line":108,"column":66},"end":{"line":108,"column":72},"skip":true},{"start":{"line":108,"column":77},"end":{"line":108,"column":82},"skip":true},{"start":{"line":109,"column":20},"end":{"line":109,"column":39},"skip":true},{"start":{"line":110,"column":20},"end":{"line":110,"column":49},"skip":true},{"start":{"line":111,"column":20},"end":{"line":111,"column":58},"skip":true},{"start":{"line":112,"column":20},"end":{"line":112,"column":68},"skip":true}]},"15":{"line":129,"type":"if","locations":[{"start":{"line":129,"column":16},"end":{"line":129,"column":16},"skip":true},{"start":{"line":129,"column":16},"end":{"line":129,"column":16},"skip":true}]},"16":{"line":134,"type":"cond-expr","locations":[{"start":{"line":135,"column":26},"end":{"line":135,"column":29},"skip":true},{"start":{"line":136,"column":26},"end":{"line":136,"column":54},"skip":true}]},"17":{"line":164,"type":"binary-expr","locations":[{"start":{"line":164,"column":27},"end":{"line":164,"column":43},"skip":true},{"start":{"line":164,"column":47},"end":{"line":164,"column":49},"skip":true}]},"18":{"line":258,"type":"if","locations":[{"start":{"line":258,"column":8},"end":{"line":258,"column":8},"skip":true},{"start":{"line":258,"column":8},"end":{"line":258,"column":8},"skip":true}]},"19":{"line":275,"type":"switch","locations":[{"start":{"line":276,"column":20},"end":{"line":277,"column":64},"skip":true},{"start":{"line":278,"column":20},"end":{"line":279,"column":40},"skip":true},{"start":{"line":280,"column":20},"end":{"line":281,"column":40},"skip":true},{"start":{"line":282,"column":20},"end":{"line":283,"column":39},"skip":true}]},"20":{"line":288,"type":"if","locations":[{"start":{"line":288,"column":8},"end":{"line":288,"column":8},"skip":true},{"start":{"line":288,"column":8},"end":{"line":288,"column":8},"skip":true}]},"21":{"line":288,"type":"binary-expr","locations":[{"start":{"line":288,"column":12},"end":{"line":288,"column":40},"skip":true},{"start":{"line":288,"column":44},"end":{"line":288,"column":67},"skip":true}]},"22":{"line":292,"type":"binary-expr","locations":[{"start":{"line":292,"column":12},"end":{"line":292,"column":50},"skip":true},{"start":{"line":293,"column":12},"end":{"line":293,"column":53},"skip":true}]},"23":{"line":297,"type":"binary-expr","locations":[{"start":{"line":297,"column":12},"end":{"line":297,"column":67},"skip":true},{"start":{"line":298,"column":12},"end":{"line":301,"column":36},"skip":true}]},"24":{"line":303,"type":"binary-expr","locations":[{"start":{"line":303,"column":43},"end":{"line":303,"column":75},"skip":true},{"start":{"line":303,"column":79},"end":{"line":303,"column":81},"skip":true}]},"25":{"line":306,"type":"if","locations":[{"start":{"line":306,"column":8},"end":{"line":306,"column":8},"skip":true},{"start":{"line":306,"column":8},"end":{"line":306,"column":8},"skip":true}]},"26":{"line":310,"type":"if","locations":[{"start":{"line":310,"column":8},"end":{"line":310,"column":8},"skip":true},{"start":{"line":310,"column":8},"end":{"line":310,"column":8},"skip":true}]},"27":{"line":313,"type":"binary-expr","locations":[{"start":{"line":313,"column":27},"end":{"line":313,"column":43},"skip":true},{"start":{"line":313,"column":47},"end":{"line":313,"column":53},"skip":true}]},"28":{"line":317,"type":"if","locations":[{"start":{"line":317,"column":12},"end":{"line":317,"column":12},"skip":true},{"start":{"line":317,"column":12},"end":{"line":317,"column":12},"skip":true}]}},"code":["/*","example.js","","quickstart example","","instruction","    1. save this script as example.js","    2. run the shell command:","        $ npm install npmtest-azure-cli && PORT=8081 node example.js","    3. play with the browser-demo on http://127.0.0.1:8081","*/","","","","/* istanbul instrument in package npmtest_azure_cli */","/*jslint","    bitwise: true,","    browser: true,","    maxerr: 8,","    maxlen: 96,","    node: true,","    nomen: true,","    regexp: true,","    stupid: true","*/","(function () {","    'use strict';","    var local;","","","","    // run shared js-env code - pre-init","    (function () {","        // init local","        local = {};","        // init modeJs","        local.modeJs = (function () {","            try {","                return typeof navigator.userAgent === 'string' &&","                    typeof document.querySelector('body') === 'object' &&","                    typeof XMLHttpRequest.prototype.open === 'function' &&","                    'browser';","            } catch (errorCaughtBrowser) {","                return module.exports &&","                    typeof process.versions.node === 'string' &&","                    typeof require('http').createServer === 'function' &&","                    'node';","            }","        }());","        // init global","        local.global = local.modeJs === 'browser'","            ? window","            : global;","        // init utility2_rollup","        local = local.global.utility2_rollup || (local.modeJs === 'browser'","            ? local.global.utility2_npmtest_azure_cli","            : global.utility2_moduleExports);","        // export local","        local.global.local = local;","    }());","    switch (local.modeJs) {","","","","    // post-init","    // run browser js-env code - post-init","    /* istanbul ignore next */","    case 'browser':","        local.testRunBrowser = function (event) {","            if (!event || (event &&","                    event.currentTarget &&","                    event.currentTarget.className &&","                    event.currentTarget.className.includes &&","                    event.currentTarget.className.includes('onreset'))) {","                // reset output","                Array.from(","                    document.querySelectorAll('body > .resettable')","                ).forEach(function (element) {","                    switch (element.tagName) {","                    case 'INPUT':","                    case 'TEXTAREA':","                        element.value = '';","                        break;","                    default:","                        element.textContent = '';","                    }","                });","            }","            switch (event && event.currentTarget && event.currentTarget.id) {","            case 'testRunButton1':","                // show tests","                if (document.querySelector('#testReportDiv1').style.display === 'none') {","                    document.querySelector('#testReportDiv1').style.display = 'block';","                    document.querySelector('#testRunButton1').textContent =","                        'hide internal test';","                    local.modeTest = true;","                    local.testRunDefault(local);","                // hide tests","                } else {","                    document.querySelector('#testReportDiv1').style.display = 'none';","                    document.querySelector('#testRunButton1').textContent = 'run internal test';","                }","                break;","            // custom-case","            default:","                break;","            }","            if (document.querySelector('#inputTextareaEval1') && (!event || (event &&","                    event.currentTarget &&","                    event.currentTarget.className &&","                    event.currentTarget.className.includes &&","                    event.currentTarget.className.includes('oneval')))) {","                // try to eval input-code","                try {","                    /*jslint evil: true*/","                    eval(document.querySelector('#inputTextareaEval1').value);","                } catch (errorCaught) {","                    console.error(errorCaught);","                }","            }","        };","        // log stderr and stdout to #outputTextareaStdout1","        ['error', 'log'].forEach(function (key) {","            console[key + '_original'] = console[key];","            console[key] = function () {","                var element;","                console[key + '_original'].apply(console, arguments);","                element = document.querySelector('#outputTextareaStdout1');","                if (!element) {","                    return;","                }","                // append text to #outputTextareaStdout1","                element.value += Array.from(arguments).map(function (arg) {","                    return typeof arg === 'string'","                        ? arg","                        : JSON.stringify(arg, null, 4);","                }).join(' ') + '\\n';","                // scroll textarea to bottom","                element.scrollTop = element.scrollHeight;","            };","        });","        // init event-handling","        ['change', 'click', 'keyup'].forEach(function (event) {","            Array.from(document.querySelectorAll('.on' + event)).forEach(function (element) {","                element.addEventListener(event, local.testRunBrowser);","            });","        });","        // run tests","        local.testRunBrowser();","        break;","","","","    // run node js-env code - post-init","    /* istanbul ignore next */","    case 'node':","        // export local","        module.exports = local;","        // require modules","        local.fs = require('fs');","        local.http = require('http');","        local.url = require('url');","        // init assets","        local.assetsDict = local.assetsDict || {};","        /* jslint-ignore-begin */","        local.assetsDict['/assets.index.template.html'] = '\\","<!doctype html>\\n\\","<html lang=\"en\">\\n\\","<head>\\n\\","<meta charset=\"UTF-8\">\\n\\","<meta name=\"viewport\" content=\"width=device-width, initial-scale=1\">\\n\\","<title>{{env.npm_package_name}} (v{{env.npm_package_version}})</title>\\n\\","<style>\\n\\","/*csslint\\n\\","    box-sizing: false,\\n\\","    universal-selector: false\\n\\","*/\\n\\","* {\\n\\","    box-sizing: border-box;\\n\\","}\\n\\","body {\\n\\","    background: #dde;\\n\\","    font-family: Arial, Helvetica, sans-serif;\\n\\","    margin: 2rem;\\n\\","}\\n\\","body > * {\\n\\","    margin-bottom: 1rem;\\n\\","}\\n\\",".utility2FooterDiv {\\n\\","    margin-top: 20px;\\n\\","    text-align: center;\\n\\","}\\n\\","</style>\\n\\","<style>\\n\\","/*csslint\\n\\","*/\\n\\","textarea {\\n\\","    font-family: monospace;\\n\\","    height: 10rem;\\n\\","    width: 100%;\\n\\","}\\n\\","textarea[readonly] {\\n\\","    background: #ddd;\\n\\","}\\n\\","</style>\\n\\","</head>\\n\\","<body>\\n\\","<!-- utility2-comment\\n\\","<div id=\"ajaxProgressDiv1\" style=\"background: #d00; height: 2px; left: 0; margin: 0; padding: 0; position: fixed; top: 0; transition: background 0.5s, width 1.5s; width: 25%;\"></div>\\n\\","utility2-comment -->\\n\\","<h1>\\n\\","<!-- utility2-comment\\n\\","    <a\\n\\","        {{#if env.npm_package_homepage}}\\n\\","        href=\"{{env.npm_package_homepage}}\"\\n\\","        {{/if env.npm_package_homepage}}\\n\\","        target=\"_blank\"\\n\\","    >\\n\\","utility2-comment -->\\n\\","        {{env.npm_package_name}} (v{{env.npm_package_version}})\\n\\","<!-- utility2-comment\\n\\","    </a>\\n\\","utility2-comment -->\\n\\","</h1>\\n\\","<h3>{{env.npm_package_description}}</h3>\\n\\","<!-- utility2-comment\\n\\","<h4><a download href=\"assets.app.js\">download standalone app</a></h4>\\n\\","<button class=\"onclick onreset\" id=\"testRunButton1\">run internal test</button><br>\\n\\","<div id=\"testReportDiv1\" style=\"display: none;\"></div>\\n\\","utility2-comment -->\\n\\","\\n\\","\\n\\","\\n\\","<label>stderr and stdout</label>\\n\\","<textarea class=\"resettable\" id=\"outputTextareaStdout1\" readonly></textarea>\\n\\","<!-- utility2-comment\\n\\","{{#if isRollup}}\\n\\","<script src=\"assets.app.js\"></script>\\n\\","{{#unless isRollup}}\\n\\","utility2-comment -->\\n\\","<script src=\"assets.utility2.rollup.js\"></script>\\n\\","<script src=\"jsonp.utility2._stateInit?callback=window.utility2._stateInit\"></script>\\n\\","<script src=\"assets.npmtest_azure_cli.rollup.js\"></script>\\n\\","<script src=\"assets.example.js\"></script>\\n\\","<script src=\"assets.test.js\"></script>\\n\\","<!-- utility2-comment\\n\\","{{/if isRollup}}\\n\\","utility2-comment -->\\n\\","<div class=\"utility2FooterDiv\">\\n\\","    [ this app was created with\\n\\","    <a href=\"https://github.com/kaizhu256/node-utility2\" target=\"_blank\">utility2</a>\\n\\","    ]\\n\\","</div>\\n\\","</body>\\n\\","</html>\\n\\","';","        /* jslint-ignore-end */","        if (local.templateRender) {","            local.assetsDict['/'] = local.templateRender(","                local.assetsDict['/assets.index.template.html'],","                {","                    env: local.objectSetDefault(local.env, {","                        npm_package_description: 'the greatest app in the world!',","                        npm_package_name: 'my-app',","                        npm_package_nameAlias: 'my_app',","                        npm_package_version: '0.0.1'","                    })","                }","            );","        } else {","            local.assetsDict['/'] = local.assetsDict['/assets.index.template.html']","                .replace((/\\{\\{env\\.(\\w+?)\\}\\}/g), function (match0, match1) {","                    // jslint-hack","                    String(match0);","                    switch (match1) {","                    case 'npm_package_description':","                        return 'the greatest app in the world!';","                    case 'npm_package_name':","                        return 'my-app';","                    case 'npm_package_nameAlias':","                        return 'my_app';","                    case 'npm_package_version':","                        return '0.0.1';","                    }","                });","        }","        // run the cli","        if (local.global.utility2_rollup || module !== require.main) {","            break;","        }","        local.assetsDict['/assets.example.js'] =","            local.assetsDict['/assets.example.js'] ||","            local.fs.readFileSync(__filename, 'utf8');","        // bug-workaround - long $npm_package_buildCustomOrg","        /* jslint-ignore-begin */","        local.assetsDict['/assets.npmtest_azure_cli.rollup.js'] =","            local.assetsDict['/assets.npmtest_azure_cli.rollup.js'] ||","            local.fs.readFileSync(","                local.npmtest_azure_cli.__dirname + '/lib.npmtest_azure_cli.js',","                'utf8'","            ).replace((/^#!/), '//');","        /* jslint-ignore-end */","        local.assetsDict['/favicon.ico'] = local.assetsDict['/favicon.ico'] || '';","        // if $npm_config_timeout_exit exists,","        // then exit this process after $npm_config_timeout_exit ms","        if (Number(process.env.npm_config_timeout_exit)) {","            setTimeout(process.exit, Number(process.env.npm_config_timeout_exit));","        }","        // start server","        if (local.global.utility2_serverHttp1) {","            break;","        }","        process.env.PORT = process.env.PORT || '8081';","        console.error('server starting on port ' + process.env.PORT);","        local.http.createServer(function (request, response) {","            request.urlParsed = local.url.parse(request.url);","            if (local.assetsDict[request.urlParsed.pathname] !== undefined) {","                response.end(local.assetsDict[request.urlParsed.pathname]);","                return;","            }","            response.statusCode = 404;","            response.end();","        }).listen(process.env.PORT);","        break;","    }","}());",""],"l":{"26":2,"28":2,"33":2,"35":2,"37":2,"38":2,"39":2,"44":1,"51":2,"55":2,"59":2,"61":2,"69":1,"70":2,"76":2,"79":2,"82":2,"83":2,"85":1,"89":2,"92":1,"93":1,"94":1,"96":1,"97":1,"100":1,"101":1,"103":1,"106":1,"108":2,"114":1,"116":1,"118":1,"123":1,"124":2,"125":2,"126":3,"127":3,"128":3,"129":3,"130":1,"133":3,"134":3,"139":3,"143":1,"144":3,"145":1,"149":1,"150":1,"158":1,"160":1,"161":1,"162":1,"164":1,"166":1,"258":1,"259":1,"271":1,"274":6,"275":6,"277":1,"279":2,"281":1,"283":2,"288":1,"289":1,"291":1,"296":1,"303":1,"306":1,"307":1,"310":1,"311":1,"313":1,"314":1,"315":1,"316":1,"317":1,"318":1,"319":1,"321":1,"322":1,"324":1}},"/home/travis/build/npmtest/node-npmtest-azure-cli/node_modules/azure-cli/lib/cli.js":{"path":"/home/travis/build/npmtest/node-npmtest-azure-cli/node_modules/azure-cli/lib/cli.js","s":{"1":1,"2":1,"3":1,"4":1,"5":1,"6":1,"7":1,"8":1,"9":1,"10":1,"11":1,"12":1,"13":1,"14":1,"15":0,"16":0,"17":0,"18":0,"19":0,"20":0,"21":0,"22":0,"23":0,"24":0,"25":0,"26":0,"27":0,"28":0,"29":0,"30":0,"31":0,"32":0,"33":0,"34":0,"35":0,"36":0,"37":0,"38":0,"39":0,"40":1,"41":1,"42":0,"43":0,"44":0,"45":0,"46":0,"47":0,"48":0,"49":0,"50":0,"51":0,"52":0,"53":0,"54":0,"55":0,"56":0,"57":0,"58":0,"59":0,"60":0,"61":0,"62":0,"63":0,"64":0,"65":0,"66":0,"67":0,"68":0,"69":0,"70":0,"71":0,"72":0,"73":0,"74":0,"75":0,"76":0,"77":0,"78":0,"79":0,"80":0,"81":0,"82":0,"83":0,"84":0,"85":0,"86":0,"87":0,"88":0,"89":0,"90":0,"91":0,"92":0,"93":0,"94":0,"95":0,"96":0,"97":0,"98":0,"99":0,"100":0,"101":0,"102":0,"103":0,"104":0,"105":0,"106":0,"107":0,"108":0,"109":0,"110":0,"111":0,"112":0,"113":0,"114":0,"115":0,"116":0,"117":1,"118":0,"119":0,"120":0,"121":0,"122":0,"123":0,"124":0,"125":0,"126":0,"127":0,"128":0,"129":0,"130":0,"131":0,"132":0,"133":0,"134":0,"135":0,"136":0,"137":0,"138":0,"139":0,"140":0,"141":0,"142":0,"143":0,"144":0,"145":0,"146":0,"147":0,"148":0,"149":0,"150":0,"151":0,"152":0,"153":0,"154":0,"155":0,"156":0,"157":0,"158":0,"159":0,"160":0,"161":0,"162":0,"163":0,"164":0,"165":0,"166":0,"167":0,"168":0,"169":0,"170":0,"171":0,"172":0,"173":0,"174":0,"175":0,"176":0,"177":0,"178":0,"179":0,"180":0,"181":0,"182":0,"183":0,"184":0,"185":0,"186":0,"187":0,"188":0,"189":0,"190":0,"191":0,"192":0,"193":0,"194":0,"195":0,"196":0,"197":0,"198":0,"199":0,"200":0,"201":0,"202":0,"203":0,"204":0,"205":0,"206":0,"207":0,"208":0,"209":0,"210":0,"211":1,"212":0,"213":0,"214":0,"215":0,"216":0,"217":0,"218":0,"219":0,"220":0,"221":0,"222":0,"223":0,"224":0,"225":0,"226":0,"227":0,"228":0,"229":0,"230":0,"231":0,"232":0,"233":0,"234":0,"235":0,"236":0,"237":0,"238":0,"239":0,"240":0,"241":0,"242":0,"243":0,"244":0,"245":0,"246":0,"247":0,"248":0,"249":0,"250":0,"251":0,"252":0,"253":0,"254":0,"255":0,"256":0,"257":0,"258":0,"259":0,"260":0,"261":0,"262":0,"263":0,"264":0,"265":0,"266":0,"267":0,"268":0,"269":0,"270":0,"271":0,"272":0,"273":0,"274":0,"275":0,"276":0,"277":0,"278":0,"279":0,"280":0,"281":0,"282":0,"283":0,"284":0,"285":0,"286":0,"287":0,"288":0,"289":0,"290":0,"291":0,"292":0,"293":0,"294":0,"295":0,"296":0,"297":0,"298":0,"299":0,"300":0,"301":0,"302":0,"303":0,"304":0,"305":0,"306":0,"307":0,"308":0,"309":0,"310":0,"311":0,"312":0,"313":0,"314":0,"315":0,"316":0,"317":0,"318":0,"319":0,"320":0,"321":0,"322":0,"323":0,"324":0,"325":0,"326":0,"327":0,"328":0,"329":0,"330":0,"331":0,"332":0,"333":0,"334":0,"335":0,"336":0,"337":0,"338":0,"339":0,"340":0,"341":0,"342":0,"343":0,"344":0,"345":0,"346":0,"347":0,"348":1},"b":{"1":[1,0],"2":[0,0],"3":[0,0],"4":[0,0],"5":[0,0],"6":[0,0],"7":[0,0],"8":[0,0],"9":[0,0],"10":[0,0],"11":[0,0],"12":[0,0],"13":[0,0],"14":[0,0],"15":[0,0],"16":[0,0],"17":[0,0],"18":[0,0],"19":[0,0],"20":[0,0],"21":[0,0],"22":[0,0],"23":[0,0],"24":[0,0],"25":[0,0],"26":[0,0],"27":[0,0],"28":[0,0],"29":[0,0],"30":[0,0],"31":[0,0],"32":[0,0],"33":[0,0],"34":[0,0],"35":[0,0],"36":[0,0],"37":[0,0],"38":[0,0],"39":[0,0],"40":[0,0,0],"41":[0,0],"42":[0,0],"43":[0,0],"44":[0,0,0,0],"45":[0,0],"46":[0,0],"47":[0,0],"48":[0,0],"49":[0,0],"50":[0,0],"51":[0,0],"52":[0,0],"53":[0,0],"54":[0,0],"55":[0,0],"56":[0,0],"57":[0,0,0,0],"58":[0,0],"59":[0,0],"60":[0,0],"61":[0,0],"62":[0,0],"63":[0,0,0],"64":[0,0],"65":[0,0],"66":[0,0],"67":[0,0],"68":[0,0],"69":[0,0],"70":[0,0],"71":[0,0],"72":[0,0,0],"73":[0,0],"74":[0,0],"75":[0,0],"76":[0,0],"77":[0,0],"78":[0,0,0,0],"79":[0,0],"80":[0,0],"81":[0,0],"82":[0,0],"83":[0,0],"84":[0,0],"85":[0,0],"86":[0,0],"87":[0,0],"88":[0,0],"89":[0,0],"90":[0,0],"91":[0,0],"92":[0,0],"93":[0,0],"94":[0,0],"95":[0,0],"96":[0,0],"97":[0,0],"98":[0,0],"99":[0,0],"100":[0,0,0],"101":[0,0],"102":[0,0]},"f":{"1":0,"2":0,"3":0,"4":0,"5":0,"6":0,"7":0,"8":0,"9":0,"10":0,"11":0,"12":0,"13":0,"14":0,"15":0,"16":0,"17":0,"18":0,"19":0,"20":0,"21":0,"22":0,"23":0,"24":0,"25":0,"26":0,"27":0,"28":0,"29":0,"30":0,"31":0,"32":0,"33":0,"34":0,"35":0,"36":0,"37":0},"fnMap":{"1":{"name":"AzureCli","line":40,"loc":{"start":{"line":40,"column":0},"end":{"line":40,"column":41}}},"2":{"name":"(anonymous_2)","line":83,"loc":{"start":{"line":83,"column":13},"end":{"line":83,"column":25}}},"3":{"name":"(anonymous_3)","line":90,"loc":{"start":{"line":90,"column":37},"end":{"line":90,"column":52}}},"4":{"name":"(anonymous_4)","line":131,"loc":{"start":{"line":131,"column":16},"end":{"line":131,"column":28}}},"5":{"name":"(anonymous_5)","line":135,"loc":{"start":{"line":135,"column":15},"end":{"line":135,"column":30}}},"6":{"name":"(anonymous_6)","line":150,"loc":{"start":{"line":150,"column":8},"end":{"line":150,"column":44}}},"7":{"name":"(anonymous_7)","line":165,"loc":{"start":{"line":165,"column":15},"end":{"line":165,"column":35}}},"8":{"name":"(anonymous_8)","line":173,"loc":{"start":{"line":173,"column":31},"end":{"line":173,"column":46}}},"9":{"name":"(anonymous_9)","line":182,"loc":{"start":{"line":182,"column":11},"end":{"line":182,"column":25}}},"10":{"name":"(anonymous_10)","line":185,"loc":{"start":{"line":185,"column":23},"end":{"line":185,"column":35}}},"11":{"name":"callback","line":228,"loc":{"start":{"line":228,"column":6},"end":{"line":228,"column":29}}},"12":{"name":"(anonymous_12)","line":265,"loc":{"start":{"line":265,"column":33},"end":{"line":265,"column":45}}},"13":{"name":"(anonymous_13)","line":278,"loc":{"start":{"line":278,"column":29},"end":{"line":278,"column":40}}},"14":{"name":"(anonymous_14)","line":289,"loc":{"start":{"line":289,"column":16},"end":{"line":289,"column":32}}},"15":{"name":"(anonymous_15)","line":395,"loc":{"start":{"line":395,"column":25},"end":{"line":395,"column":44}}},"16":{"name":"(anonymous_16)","line":406,"loc":{"start":{"line":406,"column":22},"end":{"line":406,"column":37}}},"17":{"name":"hasOption","line":415,"loc":{"start":{"line":415,"column":4},"end":{"line":415,"column":35}}},"18":{"name":"(anonymous_18)","line":416,"loc":{"start":{"line":416,"column":31},"end":{"line":416,"column":44}}},"19":{"name":"(anonymous_19)","line":443,"loc":{"start":{"line":443,"column":24},"end":{"line":443,"column":43}}},"20":{"name":"(anonymous_20)","line":452,"loc":{"start":{"line":452,"column":23},"end":{"line":452,"column":39}}},"21":{"name":"(anonymous_21)","line":464,"loc":{"start":{"line":464,"column":20},"end":{"line":464,"column":32}}},"22":{"name":"(anonymous_22)","line":477,"loc":{"start":{"line":477,"column":35},"end":{"line":477,"column":51}}},"23":{"name":"(anonymous_23)","line":478,"loc":{"start":{"line":478,"column":35},"end":{"line":478,"column":51}}},"24":{"name":"(anonymous_24)","line":542,"loc":{"start":{"line":542,"column":31},"end":{"line":542,"column":61}}},"25":{"name":"(anonymous_25)","line":551,"loc":{"start":{"line":551,"column":27},"end":{"line":551,"column":40}}},"26":{"name":"(anonymous_26)","line":565,"loc":{"start":{"line":565,"column":39},"end":{"line":565,"column":52}}},"27":{"name":"(anonymous_27)","line":568,"loc":{"start":{"line":568,"column":26},"end":{"line":568,"column":44}}},"28":{"name":"(anonymous_28)","line":579,"loc":{"start":{"line":579,"column":11},"end":{"line":579,"column":27}}},"29":{"name":"(anonymous_29)","line":599,"loc":{"start":{"line":599,"column":17},"end":{"line":599,"column":42}}},"30":{"name":"(anonymous_30)","line":609,"loc":{"start":{"line":609,"column":25},"end":{"line":609,"column":53}}},"31":{"name":"(anonymous_31)","line":613,"loc":{"start":{"line":613,"column":23},"end":{"line":613,"column":38}}},"32":{"name":"(anonymous_32)","line":619,"loc":{"start":{"line":619,"column":22},"end":{"line":619,"column":38}}},"33":{"name":"(anonymous_33)","line":623,"loc":{"start":{"line":623,"column":16},"end":{"line":623,"column":28}}},"34":{"name":"(anonymous_34)","line":627,"loc":{"start":{"line":627,"column":11},"end":{"line":627,"column":23}}},"35":{"name":"(anonymous_35)","line":631,"loc":{"start":{"line":631,"column":13},"end":{"line":631,"column":25}}},"36":{"name":"(anonymous_36)","line":635,"loc":{"start":{"line":635,"column":13},"end":{"line":635,"column":25}}},"37":{"name":"(anonymous_37)","line":639,"loc":{"start":{"line":639,"column":16},"end":{"line":639,"column":28}}}},"statementMap":{"1":{"start":{"line":20,"column":0},"end":{"line":22,"column":1}},"2":{"start":{"line":21,"column":2},"end":{"line":21,"column":50}},"3":{"start":{"line":24,"column":0},"end":{"line":24,"column":23}},"4":{"start":{"line":25,"column":0},"end":{"line":25,"column":27}},"5":{"start":{"line":26,"column":0},"end":{"line":26,"column":27}},"6":{"start":{"line":28,"column":0},"end":{"line":28,"column":30}},"7":{"start":{"line":29,"column":0},"end":{"line":29,"column":36}},"8":{"start":{"line":31,"column":0},"end":{"line":31,"column":39}},"9":{"start":{"line":32,"column":0},"end":{"line":32,"column":56}},"10":{"start":{"line":33,"column":0},"end":{"line":33,"column":36}},"11":{"start":{"line":35,"column":0},"end":{"line":35,"column":44}},"12":{"start":{"line":36,"column":0},"end":{"line":36,"column":44}},"13":{"start":{"line":37,"column":0},"end":{"line":37,"column":47}},"14":{"start":{"line":40,"column":0},"end":{"line":78,"column":1}},"15":{"start":{"line":41,"column":2},"end":{"line":41,"column":23}},"16":{"start":{"line":42,"column":2},"end":{"line":42,"column":20}},"17":{"start":{"line":43,"column":2},"end":{"line":43,"column":42}},"18":{"start":{"line":44,"column":2},"end":{"line":44,"column":38}},"19":{"start":{"line":46,"column":2},"end":{"line":77,"column":3}},"20":{"start":{"line":47,"column":4},"end":{"line":47,"column":30}},"21":{"start":{"line":50,"column":4},"end":{"line":50,"column":21}},"22":{"start":{"line":52,"column":4},"end":{"line":52,"column":36}},"23":{"start":{"line":56,"column":4},"end":{"line":56,"column":24}},"24":{"start":{"line":58,"column":4},"end":{"line":58,"column":25}},"25":{"start":{"line":59,"column":4},"end":{"line":61,"column":5}},"26":{"start":{"line":60,"column":6},"end":{"line":60,"column":39}},"27":{"start":{"line":62,"column":4},"end":{"line":62,"column":49}},"28":{"start":{"line":63,"column":4},"end":{"line":76,"column":5}},"29":{"start":{"line":64,"column":6},"end":{"line":64,"column":78}},"30":{"start":{"line":65,"column":6},"end":{"line":65,"column":30}},"31":{"start":{"line":66,"column":6},"end":{"line":66,"column":30}},"32":{"start":{"line":67,"column":6},"end":{"line":67,"column":31}},"33":{"start":{"line":68,"column":6},"end":{"line":68,"column":23}},"34":{"start":{"line":69,"column":6},"end":{"line":69,"column":13}},"35":{"start":{"line":70,"column":11},"end":{"line":76,"column":5}},"36":{"start":{"line":71,"column":6},"end":{"line":71,"column":43}},"37":{"start":{"line":73,"column":6},"end":{"line":73,"column":77}},"38":{"start":{"line":74,"column":6},"end":{"line":74,"column":30}},"39":{"start":{"line":75,"column":6},"end":{"line":75,"column":30}},"40":{"start":{"line":80,"column":0},"end":{"line":80,"column":41}},"41":{"start":{"line":82,"column":0},"end":{"line":656,"column":3}},"42":{"start":{"line":84,"column":4},"end":{"line":84,"column":20}},"43":{"start":{"line":86,"column":4},"end":{"line":86,"column":49}},"44":{"start":{"line":89,"column":4},"end":{"line":128,"column":5}},"45":{"start":{"line":90,"column":6},"end":{"line":125,"column":8}},"46":{"start":{"line":91,"column":8},"end":{"line":91,"column":41}},"47":{"start":{"line":94,"column":8},"end":{"line":94,"column":30}},"48":{"start":{"line":95,"column":8},"end":{"line":98,"column":9}},"49":{"start":{"line":96,"column":10},"end":{"line":96,"column":27}},"50":{"start":{"line":97,"column":10},"end":{"line":97,"column":58}},"51":{"start":{"line":100,"column":8},"end":{"line":100,"column":36}},"52":{"start":{"line":101,"column":8},"end":{"line":108,"column":9}},"53":{"start":{"line":102,"column":10},"end":{"line":102,"column":33}},"54":{"start":{"line":103,"column":15},"end":{"line":108,"column":9}},"55":{"start":{"line":104,"column":10},"end":{"line":104,"column":33}},"56":{"start":{"line":106,"column":10},"end":{"line":106,"column":33}},"57":{"start":{"line":107,"column":10},"end":{"line":107,"column":33}},"58":{"start":{"line":110,"column":8},"end":{"line":116,"column":9}},"59":{"start":{"line":111,"column":10},"end":{"line":113,"column":11}},"60":{"start":{"line":112,"column":12},"end":{"line":112,"column":44}},"61":{"start":{"line":115,"column":10},"end":{"line":115,"column":33}},"62":{"start":{"line":118,"column":8},"end":{"line":118,"column":30}},"63":{"start":{"line":120,"column":8},"end":{"line":122,"column":9}},"64":{"start":{"line":121,"column":10},"end":{"line":121,"column":61}},"65":{"start":{"line":124,"column":8},"end":{"line":124,"column":36}},"66":{"start":{"line":127,"column":6},"end":{"line":127,"column":77}},"67":{"start":{"line":132,"column":4},"end":{"line":132,"column":56}},"68":{"start":{"line":136,"column":4},"end":{"line":147,"column":5}},"69":{"start":{"line":137,"column":6},"end":{"line":137,"column":22}},"70":{"start":{"line":138,"column":6},"end":{"line":138,"column":42}},"71":{"start":{"line":139,"column":6},"end":{"line":146,"column":7}},"72":{"start":{"line":140,"column":8},"end":{"line":140,"column":105}},"73":{"start":{"line":141,"column":8},"end":{"line":142,"column":57}},"74":{"start":{"line":143,"column":8},"end":{"line":143,"column":73}},"75":{"start":{"line":145,"column":8},"end":{"line":145,"column":73}},"76":{"start":{"line":151,"column":4},"end":{"line":151,"column":20}},"77":{"start":{"line":153,"column":4},"end":{"line":153,"column":37}},"78":{"start":{"line":154,"column":4},"end":{"line":156,"column":5}},"79":{"start":{"line":155,"column":6},"end":{"line":155,"column":30}},"80":{"start":{"line":158,"column":4},"end":{"line":160,"column":5}},"81":{"start":{"line":159,"column":6},"end":{"line":159,"column":80}},"82":{"start":{"line":162,"column":4},"end":{"line":162,"column":31}},"83":{"start":{"line":168,"column":4},"end":{"line":170,"column":5}},"84":{"start":{"line":169,"column":6},"end":{"line":169,"column":29}},"85":{"start":{"line":174,"column":4},"end":{"line":174,"column":101}},"86":{"start":{"line":175,"column":4},"end":{"line":178,"column":5}},"87":{"start":{"line":176,"column":6},"end":{"line":177,"column":99}},"88":{"start":{"line":179,"column":4},"end":{"line":179,"column":15}},"89":{"start":{"line":183,"column":4},"end":{"line":183,"column":20}},"90":{"start":{"line":185,"column":4},"end":{"line":283,"column":7}},"91":{"start":{"line":186,"column":6},"end":{"line":186,"column":32}},"92":{"start":{"line":187,"column":6},"end":{"line":187,"column":37}},"93":{"start":{"line":188,"column":6},"end":{"line":188,"column":40}},"94":{"start":{"line":189,"column":6},"end":{"line":189,"column":60}},"95":{"start":{"line":191,"column":6},"end":{"line":226,"column":7}},"96":{"start":{"line":193,"column":8},"end":{"line":193,"column":74}},"97":{"start":{"line":194,"column":8},"end":{"line":194,"column":40}},"98":{"start":{"line":196,"column":8},"end":{"line":196,"column":47}},"99":{"start":{"line":197,"column":8},"end":{"line":202,"column":9}},"100":{"start":{"line":198,"column":10},"end":{"line":201,"column":11}},"101":{"start":{"line":199,"column":12},"end":{"line":199,"column":28}},"102":{"start":{"line":200,"column":12},"end":{"line":200,"column":18}},"103":{"start":{"line":205,"column":8},"end":{"line":205,"column":58}},"104":{"start":{"line":207,"column":8},"end":{"line":207,"column":40}},"105":{"start":{"line":208,"column":8},"end":{"line":208,"column":41}},"106":{"start":{"line":211,"column":8},"end":{"line":211,"column":30}},"107":{"start":{"line":212,"column":8},"end":{"line":221,"column":9}},"108":{"start":{"line":213,"column":10},"end":{"line":213,"column":66}},"109":{"start":{"line":214,"column":10},"end":{"line":220,"column":11}},"110":{"start":{"line":215,"column":12},"end":{"line":215,"column":42}},"111":{"start":{"line":216,"column":12},"end":{"line":216,"column":39}},"112":{"start":{"line":217,"column":17},"end":{"line":220,"column":11}},"113":{"start":{"line":218,"column":12},"end":{"line":218,"column":47}},"114":{"start":{"line":219,"column":12},"end":{"line":219,"column":28}},"115":{"start":{"line":223,"column":8},"end":{"line":223,"column":29}},"116":{"start":{"line":225,"column":8},"end":{"line":225,"column":22}},"117":{"start":{"line":228,"column":6},"end":{"line":282,"column":7}},"118":{"start":{"line":229,"column":8},"end":{"line":281,"column":9}},"119":{"start":{"line":231,"column":10},"end":{"line":231,"column":32}},"120":{"start":{"line":232,"column":10},"end":{"line":235,"column":11}},"121":{"start":{"line":233,"column":12},"end":{"line":233,"column":29}},"122":{"start":{"line":234,"column":12},"end":{"line":234,"column":60}},"123":{"start":{"line":237,"column":10},"end":{"line":263,"column":11}},"124":{"start":{"line":238,"column":12},"end":{"line":238,"column":35}},"125":{"start":{"line":239,"column":12},"end":{"line":239,"column":35}},"126":{"start":{"line":240,"column":17},"end":{"line":263,"column":11}},"127":{"start":{"line":241,"column":12},"end":{"line":256,"column":13}},"128":{"start":{"line":242,"column":14},"end":{"line":242,"column":29}},"129":{"start":{"line":243,"column":14},"end":{"line":247,"column":15}},"130":{"start":{"line":244,"column":16},"end":{"line":244,"column":58}},"131":{"start":{"line":249,"column":14},"end":{"line":255,"column":15}},"132":{"start":{"line":250,"column":16},"end":{"line":252,"column":17}},"133":{"start":{"line":251,"column":18},"end":{"line":251,"column":69}},"134":{"start":{"line":254,"column":16},"end":{"line":254,"column":44}},"135":{"start":{"line":258,"column":12},"end":{"line":258,"column":72}},"136":{"start":{"line":259,"column":12},"end":{"line":259,"column":35}},"137":{"start":{"line":260,"column":12},"end":{"line":260,"column":37}},"138":{"start":{"line":262,"column":12},"end":{"line":262,"column":27}},"139":{"start":{"line":265,"column":10},"end":{"line":276,"column":13}},"140":{"start":{"line":266,"column":12},"end":{"line":266,"column":34}},"141":{"start":{"line":267,"column":12},"end":{"line":269,"column":13}},"142":{"start":{"line":268,"column":16},"end":{"line":268,"column":66}},"143":{"start":{"line":271,"column":12},"end":{"line":273,"column":13}},"144":{"start":{"line":272,"column":16},"end":{"line":272,"column":67}},"145":{"start":{"line":275,"column":12},"end":{"line":275,"column":92}},"146":{"start":{"line":278,"column":10},"end":{"line":280,"column":13}},"147":{"start":{"line":279,"column":12},"end":{"line":279,"column":87}},"148":{"start":{"line":290,"column":4},"end":{"line":290,"column":18}},"149":{"start":{"line":291,"column":4},"end":{"line":291,"column":26}},"150":{"start":{"line":292,"column":4},"end":{"line":292,"column":24}},"151":{"start":{"line":293,"column":4},"end":{"line":293,"column":15}},"152":{"start":{"line":294,"column":4},"end":{"line":294,"column":12}},"153":{"start":{"line":296,"column":4},"end":{"line":296,"column":28}},"154":{"start":{"line":299,"column":4},"end":{"line":390,"column":5}},"155":{"start":{"line":300,"column":6},"end":{"line":300,"column":20}},"156":{"start":{"line":303,"column":6},"end":{"line":306,"column":7}},"157":{"start":{"line":304,"column":8},"end":{"line":304,"column":23}},"158":{"start":{"line":305,"column":8},"end":{"line":305,"column":17}},"159":{"start":{"line":308,"column":6},"end":{"line":311,"column":7}},"160":{"start":{"line":309,"column":8},"end":{"line":309,"column":23}},"161":{"start":{"line":310,"column":8},"end":{"line":310,"column":17}},"162":{"start":{"line":314,"column":6},"end":{"line":314,"column":35}},"163":{"start":{"line":317,"column":6},"end":{"line":317,"column":31}},"164":{"start":{"line":319,"column":6},"end":{"line":339,"column":7}},"165":{"start":{"line":320,"column":8},"end":{"line":320,"column":27}},"166":{"start":{"line":321,"column":8},"end":{"line":321,"column":24}},"167":{"start":{"line":322,"column":8},"end":{"line":330,"column":9}},"168":{"start":{"line":323,"column":10},"end":{"line":323,"column":25}},"169":{"start":{"line":324,"column":10},"end":{"line":328,"column":11}},"170":{"start":{"line":325,"column":12},"end":{"line":325,"column":47}},"171":{"start":{"line":326,"column":12},"end":{"line":326,"column":51}},"172":{"start":{"line":327,"column":12},"end":{"line":327,"column":21}},"173":{"start":{"line":329,"column":10},"end":{"line":329,"column":16}},"174":{"start":{"line":331,"column":8},"end":{"line":338,"column":9}},"175":{"start":{"line":332,"column":10},"end":{"line":337,"column":11}},"176":{"start":{"line":333,"column":12},"end":{"line":336,"column":13}},"177":{"start":{"line":334,"column":14},"end":{"line":334,"column":65}},"178":{"start":{"line":335,"column":14},"end":{"line":335,"column":20}},"179":{"start":{"line":343,"column":6},"end":{"line":371,"column":7}},"180":{"start":{"line":345,"column":8},"end":{"line":369,"column":9}},"181":{"start":{"line":346,"column":10},"end":{"line":346,"column":26}},"182":{"start":{"line":347,"column":10},"end":{"line":349,"column":11}},"183":{"start":{"line":348,"column":12},"end":{"line":348,"column":54}},"184":{"start":{"line":351,"column":10},"end":{"line":353,"column":11}},"185":{"start":{"line":352,"column":12},"end":{"line":352,"column":59}},"186":{"start":{"line":355,"column":10},"end":{"line":355,"column":40}},"187":{"start":{"line":356,"column":15},"end":{"line":369,"column":9}},"188":{"start":{"line":358,"column":10},"end":{"line":358,"column":28}},"189":{"start":{"line":359,"column":10},"end":{"line":363,"column":11}},"190":{"start":{"line":360,"column":12},"end":{"line":360,"column":23}},"191":{"start":{"line":362,"column":12},"end":{"line":362,"column":16}},"192":{"start":{"line":365,"column":10},"end":{"line":365,"column":40}},"193":{"start":{"line":368,"column":10},"end":{"line":368,"column":35}},"194":{"start":{"line":370,"column":8},"end":{"line":370,"column":17}},"195":{"start":{"line":374,"column":6},"end":{"line":386,"column":7}},"196":{"start":{"line":375,"column":8},"end":{"line":375,"column":33}},"197":{"start":{"line":381,"column":8},"end":{"line":381,"column":58}},"198":{"start":{"line":382,"column":8},"end":{"line":384,"column":9}},"199":{"start":{"line":383,"column":10},"end":{"line":383,"column":41}},"200":{"start":{"line":385,"column":8},"end":{"line":385,"column":17}},"201":{"start":{"line":389,"column":6},"end":{"line":389,"column":21}},"202":{"start":{"line":392,"column":4},"end":{"line":392,"column":51}},"203":{"start":{"line":396,"column":4},"end":{"line":403,"column":5}},"204":{"start":{"line":397,"column":6},"end":{"line":400,"column":8}},"205":{"start":{"line":402,"column":6},"end":{"line":402,"column":23}},"206":{"start":{"line":407,"column":4},"end":{"line":407,"column":20}},"207":{"start":{"line":408,"column":4},"end":{"line":408,"column":20}},"208":{"start":{"line":409,"column":4},"end":{"line":409,"column":17}},"209":{"start":{"line":411,"column":4},"end":{"line":413,"column":5}},"210":{"start":{"line":412,"column":6},"end":{"line":412,"column":57}},"211":{"start":{"line":415,"column":4},"end":{"line":417,"column":5}},"212":{"start":{"line":416,"column":6},"end":{"line":416,"column":79}},"213":{"start":{"line":416,"column":46},"end":{"line":416,"column":75}},"214":{"start":{"line":419,"column":4},"end":{"line":426,"column":5}},"215":{"start":{"line":420,"column":6},"end":{"line":425,"column":7}},"216":{"start":{"line":421,"column":8},"end":{"line":421,"column":15}},"217":{"start":{"line":422,"column":13},"end":{"line":425,"column":7}},"218":{"start":{"line":424,"column":8},"end":{"line":424,"column":18}},"219":{"start":{"line":428,"column":4},"end":{"line":428,"column":31}},"220":{"start":{"line":429,"column":4},"end":{"line":439,"column":5}},"221":{"start":{"line":430,"column":6},"end":{"line":433,"column":7}},"222":{"start":{"line":431,"column":8},"end":{"line":431,"column":25}},"223":{"start":{"line":432,"column":8},"end":{"line":432,"column":28}},"224":{"start":{"line":434,"column":6},"end":{"line":436,"column":7}},"225":{"start":{"line":435,"column":8},"end":{"line":435,"column":58}},"226":{"start":{"line":438,"column":6},"end":{"line":438,"column":26}},"227":{"start":{"line":440,"column":4},"end":{"line":440,"column":21}},"228":{"start":{"line":444,"column":4},"end":{"line":446,"column":5}},"229":{"start":{"line":445,"column":6},"end":{"line":445,"column":72}},"230":{"start":{"line":448,"column":4},"end":{"line":450,"column":5}},"231":{"start":{"line":449,"column":6},"end":{"line":449,"column":30}},"232":{"start":{"line":452,"column":4},"end":{"line":462,"column":6}},"233":{"start":{"line":453,"column":6},"end":{"line":453,"column":46}},"234":{"start":{"line":454,"column":6},"end":{"line":459,"column":7}},"235":{"start":{"line":455,"column":8},"end":{"line":455,"column":71}},"236":{"start":{"line":456,"column":8},"end":{"line":456,"column":46}},"237":{"start":{"line":457,"column":8},"end":{"line":457,"column":67}},"238":{"start":{"line":458,"column":8},"end":{"line":458,"column":47}},"239":{"start":{"line":461,"column":6},"end":{"line":461,"column":22}},"240":{"start":{"line":464,"column":4},"end":{"line":535,"column":7}},"241":{"start":{"line":465,"column":6},"end":{"line":465,"column":45}},"242":{"start":{"line":466,"column":6},"end":{"line":466,"column":60}},"243":{"start":{"line":468,"column":6},"end":{"line":468,"column":25}},"244":{"start":{"line":469,"column":6},"end":{"line":472,"column":7}},"245":{"start":{"line":470,"column":8},"end":{"line":470,"column":26}},"246":{"start":{"line":471,"column":8},"end":{"line":471,"column":41}},"247":{"start":{"line":474,"column":6},"end":{"line":474,"column":19}},"248":{"start":{"line":475,"column":6},"end":{"line":475,"column":20}},"249":{"start":{"line":476,"column":6},"end":{"line":476,"column":45}},"250":{"start":{"line":477,"column":6},"end":{"line":477,"column":82}},"251":{"start":{"line":477,"column":53},"end":{"line":477,"column":78}},"252":{"start":{"line":478,"column":6},"end":{"line":478,"column":101}},"253":{"start":{"line":478,"column":53},"end":{"line":478,"column":97}},"254":{"start":{"line":480,"column":6},"end":{"line":493,"column":7}},"255":{"start":{"line":481,"column":8},"end":{"line":481,"column":66}},"256":{"start":{"line":482,"column":8},"end":{"line":492,"column":9}},"257":{"start":{"line":483,"column":10},"end":{"line":483,"column":64}},"258":{"start":{"line":484,"column":10},"end":{"line":484,"column":51}},"259":{"start":{"line":486,"column":10},"end":{"line":489,"column":11}},"260":{"start":{"line":487,"column":12},"end":{"line":487,"column":48}},"261":{"start":{"line":488,"column":12},"end":{"line":488,"column":66}},"262":{"start":{"line":491,"column":10},"end":{"line":491,"column":45}},"263":{"start":{"line":496,"column":6},"end":{"line":504,"column":7}},"264":{"start":{"line":497,"column":8},"end":{"line":497,"column":61}},"265":{"start":{"line":498,"column":8},"end":{"line":503,"column":9}},"266":{"start":{"line":499,"column":10},"end":{"line":499,"column":42}},"267":{"start":{"line":500,"column":10},"end":{"line":500,"column":16}},"268":{"start":{"line":502,"column":10},"end":{"line":502,"column":40}},"269":{"start":{"line":507,"column":6},"end":{"line":521,"column":7}},"270":{"start":{"line":509,"column":8},"end":{"line":513,"column":9}},"271":{"start":{"line":510,"column":10},"end":{"line":512,"column":11}},"272":{"start":{"line":511,"column":12},"end":{"line":511,"column":66}},"273":{"start":{"line":514,"column":8},"end":{"line":514,"column":33}},"274":{"start":{"line":515,"column":8},"end":{"line":518,"column":9}},"275":{"start":{"line":516,"column":10},"end":{"line":516,"column":50}},"276":{"start":{"line":517,"column":10},"end":{"line":517,"column":34}},"277":{"start":{"line":519,"column":8},"end":{"line":519,"column":43}},"278":{"start":{"line":520,"column":8},"end":{"line":520,"column":31}},"279":{"start":{"line":523,"column":6},"end":{"line":534,"column":7}},"280":{"start":{"line":524,"column":8},"end":{"line":524,"column":55}},"281":{"start":{"line":525,"column":8},"end":{"line":525,"column":70}},"282":{"start":{"line":526,"column":8},"end":{"line":526,"column":44}},"283":{"start":{"line":527,"column":8},"end":{"line":527,"column":67}},"284":{"start":{"line":528,"column":8},"end":{"line":528,"column":158}},"285":{"start":{"line":529,"column":8},"end":{"line":529,"column":198}},"286":{"start":{"line":530,"column":8},"end":{"line":530,"column":35}},"287":{"start":{"line":533,"column":8},"end":{"line":533,"column":66}},"288":{"start":{"line":543,"column":4},"end":{"line":576,"column":5}},"289":{"start":{"line":544,"column":6},"end":{"line":544,"column":56}},"290":{"start":{"line":545,"column":6},"end":{"line":545,"column":63}},"291":{"start":{"line":546,"column":6},"end":{"line":546,"column":27}},"292":{"start":{"line":547,"column":6},"end":{"line":547,"column":27}},"293":{"start":{"line":551,"column":6},"end":{"line":564,"column":9}},"294":{"start":{"line":552,"column":8},"end":{"line":552,"column":40}},"295":{"start":{"line":553,"column":8},"end":{"line":563,"column":9}},"296":{"start":{"line":554,"column":10},"end":{"line":554,"column":80}},"297":{"start":{"line":555,"column":10},"end":{"line":555,"column":43}},"298":{"start":{"line":556,"column":10},"end":{"line":562,"column":11}},"299":{"start":{"line":557,"column":12},"end":{"line":559,"column":13}},"300":{"start":{"line":558,"column":14},"end":{"line":558,"column":46}},"301":{"start":{"line":561,"column":12},"end":{"line":561,"column":44}},"302":{"start":{"line":565,"column":6},"end":{"line":567,"column":9}},"303":{"start":{"line":566,"column":8},"end":{"line":566,"column":50}},"304":{"start":{"line":568,"column":6},"end":{"line":572,"column":9}},"305":{"start":{"line":569,"column":8},"end":{"line":571,"column":9}},"306":{"st
[...]
1,"24":429,"25":429,"26":3001,"27":429,"28":1224,"29":1224,"30":2572,"31":429,"32":428},"b":{"1":[1,1],"2":[1,1],"3":[0,1],"4":[1,0],"5":[1,1],"6":[0,0],"7":[0,0],"8":[0,1],"9":[429,0],"10":[429,429],"11":[429,2572],"12":[429,2143]},"f":{"1":1,"2":0,"3":429,"4":3001,"5":1224,"6":428},"fnMap":{"1":{"name":"gen","line":24,"loc":{"start":{"line":24,"column":0},"end":{"line":24,"column":28}}},"2":{"name":"(anonymous_2)","line":30,"loc":{"start":{"line":30,"column":23},"end":{"line":30,"column":36}}},"3":{"name":"parse","line":38,"loc":{"start":{"line":38,"column":0},"end":{"line":38,"column":33}}},"4":{"name":"(anonymous_4)","line":40,"loc":{"start":{"line":40,"column":32},"end":{"line":40,"column":47}}},"5":{"name":"(anonymous_5)","line":42,"loc":{"start":{"line":42,"column":28},"end":{"line":42,"column":47}}},"6":{"name":"(anonymous_6)","line":47,"loc":{"start":{"line":47,"column":41},"end":{"line":47,"column":64}}}},"statementMap":{"1":{"start":{"line":6,"column":0},"end":{"line":6,"column":14}},"2":{"start":{"line":7,"column":0},"end":{"line":7,"column":12}},"3":{"start":{"line":8,"column":0},"end":{"line":8,"column":37}},"4":{"start":{"line":9,"column":0},"end":{"line":9,"column":35}},"5":{"start":{"line":10,"column":0},"end":{"line":10,"column":16}},"6":{"start":{"line":12,"column":0},"end":{"line":12,"column":44}},"7":{"start":{"line":14,"column":0},"end":{"line":20,"column":1}},"8":{"start":{"line":15,"column":2},"end":{"line":15,"column":62}},"9":{"start":{"line":16,"column":7},"end":{"line":20,"column":1}},"10":{"start":{"line":17,"column":2},"end":{"line":17,"column":62}},"11":{"start":{"line":19,"column":2},"end":{"line":19,"column":52}},"12":{"start":{"line":22,"column":0},"end":{"line":22,"column":29}},"13":{"start":{"line":24,"column":0},"end":{"line":36,"column":1}},"14":{"start":{"line":25,"column":2},"end":{"line":25,"column":14}},"15":{"start":{"line":26,"column":2},"end":{"line":26,"column":31}},"16":{"start":{"line":27,"column":2},"end":{"line":27,"column":22}},"17":{"start":{"line":28,"column":2},"end":{"line":28,"column":40}},"18":{"start":{"line":29,"column":2},"end":{"line":34,"column":3}},"19":{"start":{"line":30,"column":4},"end":{"line":33,"column":7}},"20":{"start":{"line":31,"column":6},"end":{"line":31,"column":38}},"21":{"start":{"line":32,"column":6},"end":{"line":32,"column":38}},"22":{"start":{"line":35,"column":2},"end":{"line":35,"column":14}},"23":{"start":{"line":38,"column":0},"end":{"line":53,"column":1}},"24":{"start":{"line":39,"column":2},"end":{"line":52,"column":3}},"25":{"start":{"line":40,"column":4},"end":{"line":51,"column":7}},"26":{"start":{"line":41,"column":6},"end":{"line":50,"column":7}},"27":{"start":{"line":42,"column":8},"end":{"line":45,"column":11}},"28":{"start":{"line":43,"column":10},"end":{"line":43,"column":55}},"29":{"start":{"line":44,"column":10},"end":{"line":44,"column":46}},"30":{"start":{"line":46,"column":13},"end":{"line":50,"column":7}},"31":{"start":{"line":47,"column":8},"end":{"line":49,"column":11}},"32":{"start":{"line":48,"column":10},"end":{"line":48,"column":72}}},"branchMap":{"1":{"line":8,"type":"binary-expr","locations":[{"start":{"line":8,"column":12},"end":{"line":8,"column":27}},{"start":{"line":8,"column":31},"end":{"line":8,"column":36}}]},"2":{"line":9,"type":"binary-expr","locations":[{"start":{"line":9,"column":13},"end":{"line":9,"column":28}},{"start":{"line":9,"column":32},"end":{"line":9,"column":34}}]},"3":{"line":12,"type":"cond-expr","locations":[{"start":{"line":12,"column":19},"end":{"line":12,"column":36}},{"start":{"line":12,"column":39},"end":{"line":12,"column":43}}]},"4":{"line":14,"type":"if","locations":[{"start":{"line":14,"column":0},"end":{"line":14,"column":0}},{"start":{"line":14,"column":0},"end":{"line":14,"column":0}}]},"5":{"line":14,"type":"binary-expr","locations":[{"start":{"line":14,"column":4},"end":{"line":14,"column":19}},{"start":{"line":14,"column":23},"end":{"line":14,"column":38}}]},"6":{"line":16,"type":"if","locations":[{"start":{"line":16,"column":7},"end":{"line":16,"column":7}},{"start":{"line":16,"column":7},"end":{"line":16,"column":7}}]},"7":{"line":16,"type":"binary-expr","locations":[{"start":{"line":16,"column":11},"end":{"line":16,"column":26}},{"start":{"line":16,"column":30},"end":{"line":16,"column":45}}]},"8":{"line":29,"type":"if","locations":[{"start":{"line":29,"column":2},"end":{"line":29,"column":2}},{"start":{"line":29,"column":2},"end":{"line":29,"column":2}}]},"9":{"line":39,"type":"if","locations":[{"start":{"line":39,"column":2},"end":{"line":39,"column":2}},{"start":{"line":39,"column":2},"end":{"line":39,"column":2}}]},"10":{"line":39,"type":"binary-expr","locations":[{"start":{"line":39,"column":6},"end":{"line":39,"column":21}},{"start":{"line":39,"column":25},"end":{"line":39,"column":51}}]},"11":{"line":41,"type":"if","locations":[{"start":{"line":41,"column":6},"end":{"line":41,"column":6}},{"start":{"line":41,"column":6},"end":{"line":41,"column":6}}]},"12":{"line":46,"type":"if","locations":[{"start":{"line":46,"column":13},"end":{"line":46,"column":13}},{"start":{"line":46,"column":13},"end":{"line":46,"column":13}}]}},"code":["//command arguments:","// if no arguments, output all across asm and arm","// Or use 'arm' to output all arm ones","// Or use 'arm vm,network' to output arm\\network, arm\\vm ones","","var cmds = [];","var cmdsets;","var scope = process.argv[2] || 'all';","var filter = process.argv[3] || '';","var result = {};","","cmdsets = filter ? filter.split(',') : null;","","if (scope === 'arm' || scope === 'all') {","  cmds = cmds.concat(gen('../lib/plugins.arm.json', cmdsets));","} else if (scope === 'asm' || scope === 'all') {","  cmds = cmds.concat(gen('../lib/plugins.asm.json', cmdsets));","} else {","  console.log('Use scope of \"arm\", \"asm\" or \"all\"');","}","","console.log(cmds.join('\\n'));","","function gen(file, cmdsets) {","  result = {};","  var metedata = require(file);","  parse(metedata, '');","  var cmds = Object.keys(result).sort();","  if (cmdsets) {","    cmds = cmds.filter(function (e) {","      var t1 = e.trim().split(' ')[0];","      return cmdsets.indexOf(t1) >= 0;","    });","  }","  return cmds;","}","","function parse(cmdObj, category) {","  if (cmdObj !== null && typeof cmdObj === 'object') {","    Object.keys(cmdObj).forEach(function (key) {","      if (key === 'commands') {","        cmdObj[key].forEach(function (element) {","          var fullname = category + ' ' + element.name;","          result[fullname] = element.filePath;","        });","      } else if (key === 'categories') {","        Object.keys(cmdObj[key]).forEach(function (subCategory) {","          parse(cmdObj[key][subCategory], category + ' ' + subCategory);","        });","      }","    });","  }","}"],"l":{"6":1,"7":1,"8":1,"9":1,"10":1,"12":1,"14":1,"15":1,"16":0,"17":0,"19":0,"22":1,"24":1,"25":1,"26":1,"27":1,"28":1,"29":1,"30":0,"31":0,"32":0,"35":1,"38":1,"39":429,"40":429,"41":3001,"42":429,"43":1224,"44":1224,"46":2572,"47":429,"48":428}},"/home/travis/build/npmtest/node-npmtest-azure-cli/node_modules/azure-cli/scripts/link-to-sdk.js":{"path":"/home/travis/build/npmtest/node-npmtest-azure-cli/node_modules/azure-cli/scripts/link-to-sdk.js","s":{"1":1,"2":1,"3":1,"4":1,"5":1,"6":1,"7":17,"8":1,"9":19,"10":1,"11":1,"12":1,"13":1,"14":1,"15":1,"16":0,"17":1,"18":1,"19":1,"20":1,"21":0,"22":1},"b":{"1":[1,0],"2":[0,1],"3":[1,0],"4":[0,1],"5":[1,0],"6":[1,0]},"f":{"1":17,"2":19,"3":1,"4":1},"fnMap":{"1":{"name":"(anonymous_1)","line":34,"loc":{"start":{"line":34,"column":65},"end":{"line":34,"column":78}}},"2":{"name":"(anonymous_2)","line":36,"loc":{"start":{"line":36,"column":34},"end":{"line":36,"column":50}}},"3":{"name":"executeCmds","line":40,"loc":{"start":{"line":40,"column":0},"end":{"line":40,"column":27}}},"4":{"name":"(anonymous_4)","line":45,"loc":{"start":{"line":45,"column":32},"end":{"line":45,"column":63}}}},"statementMap":{"1":{"start":{"line":1,"column":0},"end":{"line":1,"column":27}},"2":{"start":{"line":2,"column":0},"end":{"line":2,"column":41}},"3":{"start":{"line":4,"column":0},"end":{"line":4,"column":81}},"4":{"start":{"line":6,"column":0},"end":{"line":24,"column":2}},"5":{"start":{"line":32,"column":0},"end":{"line":32,"column":89}},"6":{"start":{"line":34,"column":0},"end":{"line":34,"column":123}},"7":{"start":{"line":34,"column":80},"end":{"line":34,"column":107}},"8":{"start":{"line":36,"column":0},"end":{"line":38,"column":3}},"9":{"start":{"line":37,"column":2},"end":{"line":37,"column":41}},"10":{"start":{"line":40,"column":0},"end":{"line":60,"column":1}},"11":{"start":{"line":41,"column":2},"end":{"line":59,"column":3}},"12":{"start":{"line":42,"column":4},"end":{"line":42,"column":31}},"13":{"start":{"line":43,"column":4},"end":{"line":43,"column":39}},"14":{"start":{"line":45,"column":4},"end":{"line":58,"column":7}},"15":{"start":{"line":46,"column":6},"end":{"line":48,"column":7}},"16":{"start":{"line":47,"column":8},"end":{"line":47,"column":28}},"17":{"start":{"line":49,"column":6},"end":{"line":51,"column":7}},"18":{"start":{"line":50,"column":8},"end":{"line":50,"column":28}},"19":{"start":{"line":53,"column":6},"end":{"line":57,"column":7}},"20":{"start":{"line":54,"column":8},"end":{"line":54,"column":25}},"21":{"start":{"line":56,"column":8},"end":{"line":56,"column":26}},"22":{"start":{"line":62,"column":0},"end":{"line":62,"column":22}}},"branchMap":{"1":{"line":4,"type":"binary-expr","locations":[{"start":{"line":4,"column":25},"end":{"line":4,"column":40}},{"start":{"line":4,"column":44},"end":{"line":4,"column":79}}]},"2":{"line":32,"type":"cond-expr","locations":[{"start":{"line":32,"column":41},"end":{"line":32,"column":64}},{"start":{"line":32,"column":67},"end":{"line":32,"column":87}}]},"3":{"line":41,"type":"if","locations":[{"start":{"line":41,"column":2},"end":{"line":41,"column":2}},{"start":{"line":41,"column":2},"end":{"line":41,"column":2}}]},"4":{"line":46,"type":"if","locations":[{"start":{"line":46,"column":6},"end":{"line":46,"column":6}},{"start":{"line":46,"column":6},"end":{"line":46,"column":6}}]},"5":{"line":49,"type":"if","locations":[{"start":{"line":49,"column":6},"end":{"line":49,"column":6}},{"start":{"line":49,"column":6},"end":{"line":49,"column":6}}]},"6":{"line":53,"type":"if","locations":[{"start":{"line":53,"column":6},"end":{"line":53,"column":6}},{"start":{"line":53,"column":6},"end":{"line":53,"column":6}}]}},"code":["var path = require('path');","var exec = require('child_process').exec;","","var linkToPrivateRepo = (process.argv[2] && process.argv[2].indexOf('pr') === 0);","","var servicePackages = [","  'computeManagement',","  'gallery',","  'management',","  'monitoring',","  'networkManagement',","  'resourceManagement',","  'scheduler',","  'schedulerManagement',","  'serviceBusManagement',","  'sqlManagement',","  'storageManagement',","  'subscriptionManagement',","  'webSiteManagement',","  'authorizationManagement',","  'extra',","  'hdinsight',","  'apiAppManagement'","];","","//","// This script assumes that the node sdk is sitting next to","// the xplat cli on the file system. If not, change the","// below variable to point to it.","//","","var root = '../' +  (linkToPrivateRepo ? 'azure-sdk-for-node-pr' : 'azure-sdk-for-node');","","var packagesToLink = [ 'lib/common' ].concat(servicePackages.map(function (p) { return 'lib/services/' + p; })).concat('');","","var commands = packagesToLink.map(function (path) {","  return 'npm link ' + root + '/' + path;","});","","function executeCmds(cmds) {","  if (cmds.length > 0) {","    var current = cmds.shift();","    cwd = path.join(__dirname, '/../');","","    exec(current, { cwd: cwd }, function (err, stdout, stderr) {","      if (stdout) {","        console.log(stdout);","      }","      if (stderr) {","        console.log(stderr);","      }","","      if (err) {","        console.log(err);","      } else {","        executeCmds(cmds);","      }","    });","  }","}","","executeCmds(commands);",""],"l":{"1":1,"2":1,"4":1,"6":1,"32":1,"34":17,"36":1,"37":19,"40":1,"41":1,"42":1,"43":1,"45":1,"46":1,"47":0,"49":1,"50":1,"53":1,"54":1,"56":0,"62":1}},"/home/travis/build/npmtest/node-npmtest-azure-cli/node_modules/azure-cli/scripts/unit.js":{"path":"/home/travis/build/npmtest/node-npmtest-azure-cli/node_modules/azure-cli/scripts/unit.js","s":{"1":2,"2":2,"3":2,"4":2,"5":2,"6":0,"7":0,"8":2,"9":2,"10":0,"11":2,"12":1,"13":2,"14":2,"15":0,"16":0,"17":0,"18":0,"19":0,"20":0,"21":0,"22":2,"23":2,"24":0,"25":0,"26":0,"27":0,"28":0,"29":0,"30":0,"31":0,"32":0,"33":0,"34":0,"35":0,"36":0,"37":0,"38":0,"39":0},"b":{"1":[2,2],"2":[0,2],"3":[0,2],"4":[2,0],"5":[0,0],"6":[0,0],"7":[0,0],"8":[0,0]},"f":{"1":2,"2":0,"3":0},"fnMap":{"1":{"name":"buildFileList","line":34,"loc":{"start":{"line":34,"column":0},"end":{"line":34,"column":50}}},"2":{"name":"(anonymous_2)","line":59,"loc":{"start":{"line":59,"column":17},"end":{"line":59,"column":33}}},"3":{"name":"(anonymous_3)","line":77,"loc":{"start":{"line":77,"column":19},"end":{"line":77,"column":34}}}},"statementMap":{"1":{"start":{"line":16,"column":0},"end":{"line":16,"column":23}},"2":{"start":{"line":17,"column":0},"end":{"line":17,"column":42}},"3":{"start":{"line":19,"column":0},"end":{"line":19,"column":60}},"4":{"start":{"line":20,"column":0},"end":{"line":20,"column":63}},"5":{"start":{"line":21,"column":0},"end":{"line":24,"column":1}},"6":{"start":{"line":22,"column":2},"end":{"line":22,"column":21}},"7":{"start":{"line":23,"column":2},"end":{"line":23,"column":30}},"8":{"start":{"line":26,"column":0},"end":{"line":26,"column":26}},"9":{"start":{"line":28,"column":0},"end":{"line":30,"column":1}},"10":{"start":{"line":29,"column":2},"end":{"line":29,"column":45}},"11":{"start":{"line":32,"column":0},"end":{"line":32,"column":43}},"12":{"start":{"line":34,"column":0},"end":{"line":47,"column":1}},"13":{"start":{"line":35,"column":2},"end":{"line":35,"column":52}},"14":{"start":{"line":36,"column":2},"end":{"line":36,"column":53}},"15":{"start":{"line":37,"column":2},"end":{"line":37,"column":38}},"16":{"start":{"line":38,"column":2},"end":{"line":38,"column":31}},"17":{"start":{"line":39,"column":2},"end":{"line":46,"column":3}},"18":{"start":{"line":40,"column":4},"end":{"line":45,"column":5}},"19":{"start":{"line":41,"column":6},"end":{"line":41,"column":83}},"20":{"start":{"line":42,"column":6},"end":{"line":42,"column":52}},"21":{"start":{"line":44,"column":6},"end":{"line":44,"column":31}},"22":{"start":{"line":49,"column":0},"end":{"line":49,"column":18}},"23":{"start":{"line":50,"column":0},"end":{"line":50,"column":40}},"24":{"start":{"line":52,"column":0},"end":{"line":52,"column":16}},"25":{"start":{"line":53,"column":0},"end":{"line":53,"column":17}},"26":{"start":{"line":56,"column":0},"end":{"line":56,"column":16}},"27":{"start":{"line":57,"column":0},"end":{"line":57,"column":21}},"28":{"start":{"line":59,"column":0},"end":{"line":66,"column":3}},"29":{"start":{"line":60,"column":2},"end":{"line":65,"column":3}},"30":{"start":{"line":62,"column":4},"end":{"line":62,"column":34}},"31":{"start":{"line":63,"column":4},"end":{"line":63,"column":44}},"32":{"start":{"line":64,"column":4},"end":{"line":64,"column":20}},"33":{"start":{"line":68,"column":0},"end":{"line":68,"column":16}},"34":{"start":{"line":69,"column":0},"end":{"line":69,"column":20}},"35":{"start":{"line":71,"column":0},"end":{"line":71,"column":23}},"36":{"start":{"line":73,"column":0},"end":{"line":73,"column":75}},"37":{"start":{"line":77,"column":0},"end":{"line":79,"column":2}},"38":{"start":{"line":78,"column":2},"end":{"line":78,"column":56}},"39":{"start":{"line":81,"column":0},"end":{"line":81,"column":43}}},"branchMap":{"1":{"line":17,"type":"binary-expr","locations":[{"start":{"line":17,"column":12},"end":{"line":17,"column":24}},{"start":{"line":17,"column":28},"end":{"line":17,"column":40}}]},"2":{"line":21,"type":"if","locations":[{"start":{"line":21,"column":0},"end":{"line":21,"column":0}},{"start":{"line":21,"column":0},"end":{"line":21,"column":0}}]},"3":{"line":28,"type":"if","locations":[{"start":{"line":28,"column":0},"end":{"line":28,"column":0}},{"start":{"line":28,"column":0},"end":{"line":28,"column":0}}]},"4":{"line":35,"type":"cond-expr","locations":[{"start":{"line":35,"column":20},"end":{"line":35,"column":40}},{"start":{"line":35,"column":43},"end":{"line":35,"column":51}}]},"5":{"line":40,"type":"if","locations":[{"start":{"line":40,"column":4},"end":{"line":40,"column":4}},{"start":{"line":40,"column":4},"end":{"line":40,"column":4}}]},"6":{"line":60,"type":"if","locations":[{"start":{"line":60,"column":2},"end":{"line":60,"column":2}},{"start":{"line":60,"column":2},"end":{"line":60,"column":2}}]},"7":{"line":60,"type":"binary-expr","locations":[{"start":{"line":60,"column":6},"end":{"line":60,"column":21}},{"start":{"line":60,"column":25},"end":{"line":60,"column":47}}]},"8":{"line":63,"type":"cond-expr","locations":[{"start":{"line":63,"column":22},"end":{"line":63,"column":36}},{"start":{"line":63,"column":39},"end":{"line":63,"column":43}}]}},"code":["//","// Copyright (c) Microsoft and contributors.  All rights reserved.","//","// Licensed under the Apache License, Version 2.0 (the \"License\");","// you may not use this file except in compliance with the License.","// You may obtain a copy of the License at","//   http://www.apache.org/licenses/LICENSE-2.0","//","// Unless required by applicable law or agreed to in writing, software","// distributed under the License is distributed on an \"AS IS\" BASIS,","// WITHOUT WARRANTIES OR CONDITIONS OF ANY KIND, either express or implied.","//","// See the License for the specific language governing permissions and","// limitations under the License.","//","var fs = require('fs');","var args = (process.ARGV || process.argv);","","var reporter = '../../../test/framework/xcli-test-reporter';","var xunitOption = Array.prototype.indexOf.call(args, '-xunit');","if (xunitOption !== -1) {","  reporter = 'xunit';","  args.splice(xunitOption, 1);","}","","var testList = args.pop();","","if (!fs.existsSync) {","  fs.existsSync = require('path').existsSync;","}","","var root = fs.existsSync('./package.json');","","function buildFileList(testFiles, testList, root) {","  var file = root ? './test/' + testList : testList;","  var fileContent = fs.readFileSync(file).toString();","  var files = fileContent.split('\\n');","  var includeMark = 'include:';","  for (var i = 0; i < files.length ; i++) {","    if (files[i].indexOf(includeMark) === 0) {","      var fileToInclude = files[i].substring(includeMark.length).replace('\\r', '');","      buildFileList(testFiles, fileToInclude, root);","    } else {","      testFiles.push(files[i]);","    }","  }","}","","var allFiles = [];","buildFileList(allFiles, testList, root);","","args.push('-u');","args.push('tdd');","","// TODO: remove this timeout once tests are faster","args.push('-t');","args.push('1600000');","","allFiles.forEach(function (file) {","  if (file.length > 0 && file.trim()[0] !== '#') {","    // trim trailing \\r if it exists","    file = file.replace('\\r', '');","    var temp = root ? 'test/' + file : file;","    args.push(temp);","  }","});","","args.push('-R');","args.push(reporter);","//for clean shutdown of the event loop, so silly log gets drained to disk.","args.push('--no-exit');","","console.log('Start (' + testList + '):' + new Date().toLocaleTimeString());","","//console.log(JSON.stringify(args, null, 2));","","process.on('exit', function (err) {","  console.log('End:' + new Date().toLocaleTimeString());","})","","require('../node_modules/mocha/bin/mocha');",""],"l":{"16":2,"17":2,"19":2,"20":2,"21":2,"22":0,"23":0,"26":2,"28":2,"29":0,"32":2,"34":1,"35":2,"36":2,"37":0,"38":0,"39":0,"40":0,"41":0,"42":0,"44":0,"49":2,"50":2,"52":0,"53":0,"56":0,"57":0,"59":0,"60":0,"62":0,"63":0,"64":0,"68":0,"69":0,"71":0,"73":0,"77":0,"78":0,"81":0}}}